#
# A fatal error has been detected by the Java Runtime Environment:
#
#  SIGBUS (0xa) at pc=0x000000010be708e5, pid=3196, tid=11267
#
# JRE version: OpenJDK Runtime Environment AdoptOpenJDK-11.0.11+9 (11.0.11+9) (build 11.0.11+9)
# Java VM: OpenJDK 64-Bit Server VM AdoptOpenJDK-11.0.11+9 (11.0.11+9, mixed mode, tiered, compressed oops, parallel gc, bsd-amd64)
# Problematic frame:
# V  [libjvm.dylib+0x6708e5]  _ZN18PSPromotionManager31claim_or_forward_internal_depthIjEEvPT_+0x2d
#
# No core dump will be written. Core dumps have been disabled. To enable core dumping, try "ulimit -c unlimited" before starting Java again
#
# If you would like to submit a bug report, please visit:
#   https://github.com/AdoptOpenJDK/openjdk-support/issues
#

---------------  S U M M A R Y ------------

Command Line: --add-modules=ALL-SYSTEM --add-opens=java.base/java.util=ALL-UNNAMED --add-opens=java.base/java.lang=ALL-UNNAMED -Declipse.application=org.eclipse.jdt.ls.core.id1 -Dosgi.bundles.defaultStartLevel=4 -Declipse.product=org.eclipse.jdt.ls.core.product -Dfile.encoding=utf8 -XX:+UseParallelGC -XX:GCTimeRatio=4 -XX:AdaptiveSizePolicyWeight=90 -Dsun.zip.disableMemoryMapping=true -Xmx1G -Xms100m -Xverify:none /Users/sunmin/.vscode/extensions/redhat.java-0.81.0/server/plugins/org.eclipse.equinox.launcher_1.6.200.v20210416-2027.jar -configuration /Users/sunmin/Library/Application Support/Code/User/globalStorage/redhat.java/0.81.0/config_mac -data /Users/sunmin/Library/Application Support/Code/User/workspaceStorage/8a876da789efc418f6118147332e03a0/redhat.java/jdt_ws

Host: MacBookAir8,1 x86_64 1600 MHz, 4 cores, 8G, Darwin 20.6.0
Time: Wed Sep 22 22:21:08 2021 KST elapsed time: 7894.635854 seconds (0d 2h 11m 34s)

---------------  T H R E A D  ---------------

Current thread (0x00007fe1aa009000):  GCTaskThread "ParGC Thread#0" [stack: 0x000070000ac83000,0x000070000ad83000] [id=11267]

Stack: [0x000070000ac83000,0x000070000ad83000],  sp=0x000070000ad82c30,  free space=1023k
Native frames: (J=compiled Java code, A=aot compiled Java code, j=interpreted, Vv=VM code, C=native code)
V  [libjvm.dylib+0x6708e5]  _ZN18PSPromotionManager31claim_or_forward_internal_depthIjEEvPT_+0x2d
V  [libjvm.dylib+0x66fa0e]  _ZN13ObjArrayKlass24oop_oop_iterate_elementsIj19PushContentsClosureEEvP15objArrayOopDescPT0_+0x50
V  [libjvm.dylib+0x66f9ac]  _ZN13ObjArrayKlass20oop_ps_push_contentsEP7oopDescP18PSPromotionManager+0x34
V  [libjvm.dylib+0x66fd16]  _ZN18PSPromotionManager20oop_promotion_failedEP7oopDescP11markOopDesc+0x154
V  [libjvm.dylib+0x673549]  _ZN18PSPromotionManager29process_popped_location_depthE8StarTask+0xf9
V  [libjvm.dylib+0x66ed6d]  _ZN18PSPromotionManager18drain_stacks_depthEb+0x155
V  [libjvm.dylib+0x6604af]  _ZN11PSCardTable26scavenge_contents_parallelEP16ObjectStartArrayP12MutableSpaceP8HeapWordP18PSPromotionManagerjj+0x63b
V  [libjvm.dylib+0x6735f5]  _ZN19OldToYoungRootsTask5do_itEP13GCTaskManagerj+0x4d
V  [libjvm.dylib+0x34f760]  _ZN12GCTaskThread3runEv+0x11e
V  [libjvm.dylib+0x770fcc]  _ZN6Thread8call_runEv+0x68
V  [libjvm.dylib+0x62014b]  _ZL19thread_native_entryP6Thread+0x139
C  [libsystem_pthread.dylib+0x68fc]  _pthread_start+0xe0
C  [libsystem_pthread.dylib+0x2443]  thread_start+0xf


siginfo: si_signo: 10 (SIGBUS), si_code: 2 (BUS_ADRERR), si_addr: 0x00000007fffffff8

Register to memory mapping:

RAX=0x00000000ffffffff is an unknown value
RBX=0x00000007eb468f28 points into unknown readable memory: 0x00000000ffffffff | ff ff ff ff 00 00 00 00
RCX=0x0000000000000003 is an unknown value
RDX=0x0 is NULL
RSP=0x000070000ad82c30 points into unknown readable memory: 0x000070000ad82c60 | 60 2c d8 0a 00 70 00 00
RBP=0x000070000ad82c50 points into unknown readable memory: 0x000070000ad82c80 | 80 2c d8 0a 00 70 00 00
RSI=0x00000007fffffff8 is an unallocated location in the heap
RDI=0x00007fe1ab032000 points into unknown readable memory: 0x000000010c169980 | 80 99 16 0c 01 00 00 00
R8 =0x000000010c19a780: _ZN8Universe11_narrow_oopE+0 in /Library/Java/JavaVirtualMachines/adoptopenjdk-11.jdk/Contents/Home/lib/server/libjvm.dylib at 0x000000010b800000
R9 =0x00007fe1ab032000 points into unknown readable memory: 0x000000010c169980 | 80 99 16 0c 01 00 00 00
R10=0x0000000000041012 is an unknown value
R11=0x0000000005560000 is an unknown value
R12=0x000000010c1d0528: _ZN10PSScavenge37_young_generation_boundary_compressedE+0 in /Library/Java/JavaVirtualMachines/adoptopenjdk-11.jdk/Contents/Home/lib/server/libjvm.dylib at 0x000000010b800000
R13=0x000000010c1bdf79: UseCompressedClassPointers+0 in /Library/Java/JavaVirtualMachines/adoptopenjdk-11.jdk/Contents/Home/lib/server/libjvm.dylib at 0x000000010b800000
R14=0x00007fe1ab032000 points into unknown readable memory: 0x000000010c169980 | 80 99 16 0c 01 00 00 00
R15=0x00000008eb468970 is an unknown value


Registers:
RAX=0x00000000ffffffff, RBX=0x00000007eb468f28, RCX=0x0000000000000003, RDX=0x0000000000000000
RSP=0x000070000ad82c30, RBP=0x000070000ad82c50, RSI=0x00000007fffffff8, RDI=0x00007fe1ab032000
R8 =0x000000010c19a780, R9 =0x00007fe1ab032000, R10=0x0000000000041012, R11=0x0000000005560000
R12=0x000000010c1d0528, R13=0x000000010c1bdf79, R14=0x00007fe1ab032000, R15=0x00000008eb468970
RIP=0x000000010be708e5, EFLAGS=0x0000000000010202, ERR=0x0000000000000004
  TRAPNO=0x000000000000000e

Top of Stack: (sp=0x000070000ad82c30)
0x000070000ad82c30:   000070000ad82c60 00000007eb4689f5
0x000070000ad82c40:   00000007eb468f28 000070000ad82c98
0x000070000ad82c50:   000070000ad82c80 000000010be6fa0e
0x000070000ad82c60:   00000007eb468948 00007fe1ab032228
0x000070000ad82c70:   0000000000000031 00007fe1ab032000
0x000070000ad82c80:   000070000ad82cb0 000000010be6f9ac
0x000070000ad82c90:   000070000ad82cf0 000000010c1699d8
0x000070000ad82ca0:   0000000000000000 00007fe1ab032000
0x000070000ad82cb0:   000070000ad82cf0 000000010be6fd16
0x000070000ad82cc0:   0000000000000000 00000007c83d4601
0x000070000ad82cd0:   000000010c19a780 00007fe1ab0320e0
0x000070000ad82ce0:   00000007c83d4600 00007fe1ab032000
0x000070000ad82cf0:   000070000ad82d20 000000010be73549
0x000070000ad82d00:   00000007c8181400 000000000001ffff
0x000070000ad82d10:   00007fe1ab0320f0 00007fe1ab032000
0x000070000ad82d20:   000070000ad82d70 000000010be6ed6d
0x000070000ad82d30:   00000007c83d4601 00000007c81813d8
0x000070000ad82d40:   000000080027d378 00000007c8181400
0x000070000ad82d50:   000000010942ec0a 000000010942ec81
0x000070000ad82d60:   00000007c8181420 0000000000000240
0x000070000ad82d70:   000070000ad82e20 000000010be604af
0x000070000ad82d80:   00007fe1aa009000 000000010942ec80
0x000070000ad82d90:   000000010942ec01 0000000000000200
0x000070000ad82da0:   000000010942fc48 00000007c8190018
0x000070000ad82db0:   00000007c83890a8 fffffffef6bd137f
0x000070000ad82dc0:   000000010942fc49 0000000000000000
0x000070000ad82dd0:   00007fe1ab032000 00007fe1a9c0b080
0x000070000ad82de0:   00000007c8180218 000000010942ec00
0x000070000ad82df0:   00007fe1a9c0ae40 00007fe1a9e10120
0x000070000ad82e00:   0000000000000001 000070000ad82f00
0x000070000ad82e10:   00007fe1ab032000 00007fe1a9e10120
0x000070000ad82e20:   000070000ad82e50 000000010be735f5 

Instructions: (pc=0x000000010be708e5)
0x000000010be707e5:   8d 0d 35 fd 35 00 48 39 01 77 19 48 8d 0d 19 fd
0x000000010be707f5:   35 00 48 8b 09 48 8b 49 48 48 89 da 48 c1 ea 09
0x000000010be70805:   c6 04 11 11 48 89 03 e9 9d 00 00 00 49 89 fe 48
0x000000010be70815:   89 5d e8 8b 47 60 8b 97 e0 00 00 00 89 c1 29 d1
0x000000010be70825:   81 e1 ff ff 01 00 81 f9 fd ff 01 00 77 19 49 8b
0x000000010be70835:   8e e8 00 00 00 48 8b 55 e8 48 89 14 c1 8d 40 01
0x000000010be70845:   25 ff ff 01 00 eb 27 48 89 5d e0 81 f9 ff ff 01
0x000000010be70855:   00 75 21 41 8b 46 60 49 8b 8e e8 00 00 00 48 8b
0x000000010be70865:   55 e0 48 89 14 c1 8d 40 01 25 ff ff 01 00 41 89
0x000000010be70875:   46 60 eb 35 49 8b 86 10 01 00 00 49 3b 86 f8 00
0x000000010be70885:   00 00 75 13 49 8d be f0 00 00 00 e8 6f a6 c9 ff
0x000000010be70895:   49 8b 86 10 01 00 00 49 8b 8e 28 01 00 00 48 89
0x000000010be708a5:   1c c1 49 ff 86 10 01 00 00 48 83 c4 10 5b 41 5e
0x000000010be708b5:   5d c3 90 55 48 89 e5 41 56 53 48 83 ec 10 48 85
0x000000010be708c5:   f6 0f 84 29 01 00 00 48 89 f3 49 89 fe 8b 36 4c
0x000000010be708d5:   8d 05 a5 9e 32 00 49 8b 10 41 8b 48 08 48 d3 e6
0x000000010be708e5:   48 8b 3c 16 83 e7 03 b8 03 00 00 00 48 39 c7 75
0x000000010be708f5:   5f 48 8b 04 32 4c 8d 0d a1 bc 30 00 89 c7 83 e7
0x000000010be70905:   07 48 83 e0 fc 31 f6 48 83 ff 05 48 0f 45 f0 41
0x000000010be70915:   80 39 00 48 0f 44 f0 48 8d 05 fd fb 35 00 48 39
0x000000010be70925:   30 77 20 48 8d 05 e1 fb 35 00 48 8b 00 48 8b 40
0x000000010be70935:   48 48 89 d9 48 c1 e9 09 c6 04 08 11 49 8b 10 41
0x000000010be70945:   8b 48 08 48 29 d6 48 d3 ee 89 33 e9 a0 00 00 00
0x000000010be70955:   48 83 cb 01 48 89 5d e8 41 8b 46 60 41 8b 96 e0
0x000000010be70965:   00 00 00 89 c1 29 d1 81 e1 ff ff 01 00 81 f9 fd
0x000000010be70975:   ff 01 00 77 19 49 8b 8e e8 00 00 00 48 8b 55 e8
0x000000010be70985:   48 89 14 c1 8d 40 01 25 ff ff 01 00 eb 27 48 89
0x000000010be70995:   5d e0 81 f9 ff ff 01 00 75 21 41 8b 46 60 49 8b
0x000000010be709a5:   8e e8 00 00 00 48 8b 55 e0 48 89 14 c1 8d 40 01
0x000000010be709b5:   25 ff ff 01 00 41 89 46 60 eb 35 49 8b 86 10 01
0x000000010be709c5:   00 00 49 3b 86 f8 00 00 00 75 13 49 8d be f0 00
0x000000010be709d5:   00 00 e8 28 a5 c9 ff 49 8b 86 10 01 00 00 49 8b 


Stack slot to memory mapping:
stack at sp + 0 slots: 0x000070000ad82c60 points into unknown readable memory: 0x00000007eb468948 | 48 89 46 eb 07 00 00 00
stack at sp + 1 slots: 0x00000007eb4689f5 points into unknown readable memory: 12 09 f9
stack at sp + 2 slots: 0x00000007eb468f28 points into unknown readable memory: 0x00000000ffffffff | ff ff ff ff 00 00 00 00
stack at sp + 3 slots: 0x000070000ad82c98 points into unknown readable memory: 0x000000010c1699d8 | d8 99 16 0c 01 00 00 00
stack at sp + 4 slots: 0x000070000ad82c80 points into unknown readable memory: 0x000070000ad82cb0 | b0 2c d8 0a 00 70 00 00
stack at sp + 5 slots: 0x000000010be6fa0e: _ZN13ObjArrayKlass24oop_oop_iterate_elementsIj19PushContentsClosureEEvP15objArrayOopDescPT0_+0x50 in /Library/Java/JavaVirtualMachines/adoptopenjdk-11.jdk/Contents/Home/lib/server/libjvm.dylib at 0x000000010b800000
stack at sp + 6 slots: 0x00000007eb468948 is an oop: [[C 
{0x00000007eb468948} - klass: {type array char}[]
 - length: 1073741830
stack at sp + 7 slots: 0x00007fe1ab032228 points into unknown readable memory: 0x000000010c153ba8 | a8 3b 15 0c 01 00 00 00


---------------  P R O C E S S  ---------------

Threads class SMR info:
_java_thread_list=0x00007fe1ae2517f0, length=39, elements={
0x00007fe1aa00b800, 0x00007fe1ab036800, 0x00007fe1aa809000, 0x00007fe1aa82a000,
0x00007fe1ac008800, 0x00007fe1ac009000, 0x00007fe1aa03b800, 0x00007fe1ab04c000,
0x00007fe1ab087000, 0x00007fe1aa8e5000, 0x00007fe1ac0ff800, 0x00007fe1ac291000,
0x00007fe1aaae0000, 0x00007fe1aa2db800, 0x00007fe1ab3c1800, 0x00007fe1aa2c8800,
0x00007fe1ab1a5000, 0x00007fe1ab460800, 0x00007fe1aa67b800, 0x00007fe1ac723000,
0x00007fe1b13c5800, 0x00007fe1b1469000, 0x00007fe1af5c0800, 0x00007fe1b165f800,
0x00007fe1aaf8d800, 0x00007fe1b154c000, 0x00007fe1b328a000, 0x00007fe1aabaa800,
0x00007fe1af580800, 0x00007fe1af6a4800, 0x00007fe1b0ff7000, 0x00007fe1aae1a800,
0x00007fe1af663000, 0x00007fe1b302b800, 0x00007fe1ab60a800, 0x00007fe1b0ec1800,
0x00007fe1b17bc000, 0x00007fe1ab38c000, 0x00007fe1b0ea1800
}

Java Threads: ( => current thread )
  0x00007fe1aa00b800 JavaThread "main" [_thread_blocked, id=6147, stack(0x000070000ab80000,0x000070000ac80000)]
  0x00007fe1ab036800 JavaThread "Reference Handler" daemon [_thread_blocked, id=12547, stack(0x000070000ae89000,0x000070000af89000)]
  0x00007fe1aa809000 JavaThread "Finalizer" daemon [_thread_blocked, id=13059, stack(0x000070000af8c000,0x000070000b08c000)]
  0x00007fe1aa82a000 JavaThread "Signal Dispatcher" daemon [_thread_blocked, id=17923, stack(0x000070000b195000,0x000070000b295000)]
  0x00007fe1ac008800 JavaThread "Service Thread" daemon [_thread_blocked, id=17411, stack(0x000070000b298000,0x000070000b398000)]
  0x00007fe1ac009000 JavaThread "C2 CompilerThread0" daemon [_thread_blocked, id=17155, stack(0x000070000b39b000,0x000070000b49b000)]
  0x00007fe1aa03b800 JavaThread "C1 CompilerThread0" daemon [_thread_blocked, id=15619, stack(0x000070000b49e000,0x000070000b59e000)]
  0x00007fe1ab04c000 JavaThread "Sweeper thread" daemon [_thread_blocked, id=16131, stack(0x000070000b5a1000,0x000070000b6a1000)]
  0x00007fe1ab087000 JavaThread "Common-Cleaner" daemon [_thread_blocked, id=22019, stack(0x000070000b6a4000,0x000070000b7a4000)]
  0x00007fe1aa8e5000 JavaThread "Active Thread: Equinox Container: 0eae2a18-9f80-41f0-8af9-e7a61a7a3a44" [_thread_blocked, id=23299, stack(0x000070000b8d1000,0x000070000b9d1000)]
  0x00007fe1ac0ff800 JavaThread "Framework Event Dispatcher: Equinox Container: 0eae2a18-9f80-41f0-8af9-e7a61a7a3a44" daemon [_thread_blocked, id=41987, stack(0x000070000b9d4000,0x000070000bad4000)]
  0x00007fe1ac291000 JavaThread "Start Level: Equinox Container: 0eae2a18-9f80-41f0-8af9-e7a61a7a3a44" daemon [_thread_blocked, id=23811, stack(0x000070000bad7000,0x000070000bbd7000)]
  0x00007fe1aaae0000 JavaThread "SCR Component Actor" daemon [_thread_blocked, id=27651, stack(0x000070000bee3000,0x000070000bfe3000)]
  0x00007fe1aa2db800 JavaThread "Worker-JM" [_thread_blocked, id=86279, stack(0x000070000c16c000,0x000070000c26c000)]
  0x00007fe1ab3c1800 JavaThread "Java indexing" daemon [_thread_blocked, id=45571, stack(0x000070000c475000,0x000070000c575000)]
  0x00007fe1aa2c8800 JavaThread "logback configurator timer" daemon [_thread_blocked, id=84483, stack(0x000070000c67b000,0x000070000c77b000)]
  0x00007fe1ab1a5000 JavaThread "pool-3-thread-1" [_thread_blocked, id=46851, stack(0x000070000c77e000,0x000070000c87e000)]
  0x00007fe1ab460800 JavaThread "pool-2-thread-1" [_thread_blocked, id=47107, stack(0x000070000c881000,0x000070000c981000)]
  0x00007fe1aa67b800 JavaThread "Bundle File Closer" daemon [_thread_blocked, id=19471, stack(0x000070000c069000,0x000070000c169000)]
  0x00007fe1ac723000 JavaThread "Java Debug Server" daemon [_thread_in_native, id=51995, stack(0x000070000d6ab000,0x000070000d7ab000)]
  0x00007fe1b13c5800 JavaThread "RxSchedulerPurge-1" daemon [_thread_blocked, id=57615, stack(0x000070000e1cc000,0x000070000e2cc000)]
  0x00007fe1b1469000 JavaThread "RxCachedWorkerPoolEvictor-1" daemon [_thread_blocked, id=57103, stack(0x000070000e2cf000,0x000070000e3cf000)]
  0x00007fe1af5c0800 JavaThread "ForkJoinPool.commonPool-worker-1" daemon [_thread_blocked, id=84755, stack(0x000070000c578000,0x000070000c678000)]
  0x00007fe1b165f800 JavaThread "ForkJoinPool.commonPool-worker-5" daemon [_thread_blocked, id=44819, stack(0x000070000c984000,0x000070000ca84000)]
  0x00007fe1aaf8d800 JavaThread "ForkJoinPool.commonPool-worker-15" daemon [_thread_blocked, id=58927, stack(0x000070000c372000,0x000070000c472000)]
  0x00007fe1b154c000 JavaThread "ForkJoinPool.commonPool-worker-9" daemon [_thread_blocked, id=87139, stack(0x000070000ce93000,0x000070000cf93000)]
  0x00007fe1b328a000 JavaThread "Worker-61" [_thread_blocked, id=64307, stack(0x000070000c26f000,0x000070000c36f000)]
  0x00007fe1aabaa800 JavaThread "Worker-65" [_thread_blocked, id=54827, stack(0x000070000cb8a000,0x000070000cc8a000)]
  0x00007fe1af580800 JavaThread "Worker-66" [_thread_blocked, id=49191, stack(0x000070000ca87000,0x000070000cb87000)]
  0x00007fe1af6a4800 JavaThread "ForkJoinPool.commonPool-worker-7" daemon [_thread_blocked, id=61487, stack(0x000070000cc8d000,0x000070000cd8d000)]
  0x00007fe1b0ff7000 JavaThread "ForkJoinPool.commonPool-worker-11" daemon [_thread_blocked, id=79147, stack(0x000070000cd90000,0x000070000ce90000)]
  0x00007fe1aae1a800 JavaThread "Worker-67" [_thread_blocked, id=85159, stack(0x000070000cf96000,0x000070000d096000)]
  0x00007fe1af663000 JavaThread "Worker-68" [_thread_blocked, id=82459, stack(0x000070000d099000,0x000070000d199000)]
  0x00007fe1b302b800 JavaThread "Worker-69" [_thread_blocked, id=71751, stack(0x000070000d19c000,0x000070000d29c000)]
  0x00007fe1ab60a800 JavaThread "pool-157-thread-1" [_thread_blocked, id=18747, stack(0x000070000d29f000,0x000070000d39f000)]
  0x00007fe1b0ec1800 JavaThread "Worker-70" [_thread_blocked, id=81963, stack(0x000070000d3a2000,0x000070000d4a2000)]
  0x00007fe1b17bc000 JavaThread "pool-158-thread-1" [_thread_blocked, id=86023, stack(0x000070000d4a5000,0x000070000d5a5000)]
  0x00007fe1ab38c000 JavaThread "Worker-71" [_thread_blocked, id=58155, stack(0x000070000d5a8000,0x000070000d6a8000)]
  0x00007fe1b0ea1800 JavaThread "pool-90-thread-10" [_thread_blocked, id=130611, stack(0x000070000b08f000,0x000070000b18f000)]

Other Threads:
  0x00007fe1ab035800 VMThread "VM Thread" [stack: 0x000070000ad86000,0x000070000ae86000] [id=20483]
  0x00007fe1ab0c7800 WatcherThread [stack: 0x000070000b7a7000,0x000070000b8a7000] [id=22531]
=>0x00007fe1aa009000 GCTaskThread "ParGC Thread#0" [stack: 0x000070000ac83000,0x000070000ad83000] [id=11267]
  0x00007fe1aa8e1800 GCTaskThread "ParGC Thread#1" [stack: 0x000070000bbda000,0x000070000bcda000] [id=24323]
  0x00007fe1aaab4800 GCTaskThread "ParGC Thread#2" [stack: 0x000070000bcdd000,0x000070000bddd000] [id=41475]
  0x00007fe1aa94e000 GCTaskThread "ParGC Thread#3" [stack: 0x000070000bde0000,0x000070000bee0000] [id=41219]

Threads with active compile tasks:

VM state:at safepoint (normal execution)

VM Mutex/Monitor currently owned by a thread:  ([mutex/lock_event])
[0x00007fe1a9e0e460] Threads_lock - owner thread: 0x00007fe1ab035800
[0x00007fe1a9e0eb60] Heap_lock - owner thread: 0x00007fe1af5c0800

Heap address: 0x00000007c0000000, size: 1024 MB, Compressed Oops mode: Zero based, Oop shift amount: 3
Narrow klass base: 0x0000000800000000, Narrow klass shift: 0
Compressed class space size: 1073741824 Address: 0x0000000800000000

Heap:
 PSYoungGen      total 8192K, used 8184K [0x00000007eab00000, 0x00000007eb800000, 0x0000000800000000)
  eden space 6144K, 100% used [0x00000007eab00000,0x00000007eb100000,0x00000007eb100000)
  from space 2048K, 99% used [0x00000007eb400000,0x00000007eb5fe018,0x00000007eb600000)
  to   space 3072K, 99% used [0x00000007eb100000,0x00000007eb3fe018,0x00000007eb400000)
 ParOldGen       total 699392K, used 137606K [0x00000007c0000000, 0x00000007eab00000, 0x00000007eab00000)
  object space 699392K, 19% used [0x00000007c0000000,0x00000007c86619c8,0x00000007eab00000)
 Metaspace       used 82398K, capacity 85973K, committed 86388K, reserved 1126400K
  class space    used 7689K, capacity 8905K, committed 8960K, reserved 1048576K

Card table byte_map: [0x00000001093ee000,0x00000001095ef000] _byte_map_base: 0x00000001055ee000

Marking Bits: (ParMarkBitMap*) 0x000000010c1d0330
 Begin Bits: [0x000000010c5e0000, 0x000000010d5e0000)
 End Bits:   [0x000000010d5e0000, 0x000000010e5e0000)

Polling page: 0x00000001091b6000

Metaspace:

Usage:
  Non-class:     75.26 MB capacity,    72.96 MB ( 97%) used,     2.13 MB (  3%) free+waste,   179.12 KB ( <1%) overhead. 
      Class:      8.70 MB capacity,     7.51 MB ( 86%) used,     1.11 MB ( 13%) free+waste,    74.75 KB ( <1%) overhead. 
       Both:     83.96 MB capacity,    80.47 MB ( 96%) used,     3.24 MB (  4%) free+waste,   253.88 KB ( <1%) overhead. 

Virtual space:
  Non-class space:       76.00 MB reserved,      75.61 MB (>99%) committed 
      Class space:        1.00 GB reserved,       8.75 MB ( <1%) committed 
             Both:        1.07 GB reserved,      84.36 MB (  8%) committed 

Chunk freelists:
   Non-Class:  124.00 KB
       Class:  23.00 KB
        Both:  147.00 KB

MaxMetaspaceSize: unlimited
CompressedClassSpaceSize: 1.00 GB

CodeHeap 'non-profiled nmethods': size=120032Kb used=18403Kb max_used=18403Kb free=101629Kb
 bounds [0x000000011eba3000, 0x000000011fda3000, 0x00000001260db000]
CodeHeap 'profiled nmethods': size=120032Kb used=40852Kb max_used=41330Kb free=79180Kb
 bounds [0x000000011766b000, 0x0000000119f4b000, 0x000000011eba3000]
CodeHeap 'non-nmethods': size=5696Kb used=1313Kb max_used=1380Kb free=4383Kb
 bounds [0x00000001170db000, 0x000000011734b000, 0x000000011766b000]
 total_blobs=16383 nmethods=15654 adapters=638
 compilation: enabled
              stopped_count=0, restarted_count=0
 full_count=0

Compilation events (20 events):
Event: 7885.375 Thread 0x00007fe1aa03b800 21103       3       org.eclipse.jdi.internal.ThreadReferenceImpl::frame (16 bytes)
Event: 7885.376 Thread 0x00007fe1aa03b800 nmethod 21103 0x000000011885a110 code [0x000000011885a2e0, 0x000000011885a5f0]
Event: 7885.377 Thread 0x00007fe1aa03b800 21104       3       com.microsoft.java.debug.core.adapter.handler.StepRequestHandler::getTopFrame (8 bytes)
Event: 7885.377 Thread 0x00007fe1aa03b800 nmethod 21104 0x0000000118879390 code [0x0000000118879580, 0x0000000118879950]
Event: 7885.378 Thread 0x00007fe1aa03b800 21105       3       org.eclipse.jdi.internal.request.EventRequestImpl::writeModifiers (721 bytes)
Event: 7885.394 Thread 0x00007fe1aa03b800 nmethod 21105 0x0000000119f34910 code [0x0000000119f35620, 0x0000000119f3fc20]
Event: 7885.394 Thread 0x00007fe1aa03b800 21107   !   3       com.microsoft.java.debug.core.DebugUtility::deleteEventRequestSafely (12 bytes)
Event: 7885.395 Thread 0x00007fe1aa03b800 nmethod 21107 0x000000011883b590 code [0x000000011883b760, 0x000000011883b900]
Event: 7885.395 Thread 0x00007fe1aa03b800 21106       1       com.microsoft.java.debug.core.DebugSession::getVM (5 bytes)
Event: 7885.395 Thread 0x00007fe1aa03b800 nmethod 21106 0x000000011fda0c90 code [0x000000011fda0e40, 0x000000011fda0ef0]
Event: 7885.470 Thread 0x00007fe1ac009000 21108       4       org.eclipse.jdi.internal.jdwp.JdwpPacket::dataInStream (44 bytes)
Event: 7885.477 Thread 0x00007fe1ac009000 nmethod 21108 0x000000011fda0f90 code [0x000000011fda1160, 0x000000011fda1578]
Event: 7885.478 Thread 0x00007fe1ac009000 21109       4       java.util.stream.SortedOps$RefSortingSink::begin (48 bytes)
Event: 7885.480 Thread 0x00007fe1ac009000 nmethod 21109 0x000000011fda1790 code [0x000000011fda1940, 0x000000011fda1ad8]
Event: 7894.592 Thread 0x00007fe1aa03b800 21110       3       org.eclipse.jdt.internal.codeassist.complete.CompletionParser::consumePackageDeclarationName (31 bytes)
Event: 7894.593 Thread 0x00007fe1aa03b800 nmethod 21110 0x0000000118858810 code [0x00000001188589c0, 0x0000000118858b80]
Event: 7894.593 Thread 0x00007fe1aa03b800 21111       3       org.eclipse.jdt.internal.codeassist.complete.CompletionParser::consumeClassHeaderName1 (44 bytes)
Event: 7894.593 Thread 0x00007fe1aa03b800 nmethod 21111 0x000000011885ff90 code [0x0000000118860160, 0x00000001188603f0]
Event: 7894.593 Thread 0x00007fe1aa03b800 21112       3       org.eclipse.jdt.internal.codeassist.complete.CompletionParser::classHeaderExtendsOrImplements (379 bytes)
Event: 7894.597 Thread 0x00007fe1aa03b800 nmethod 21112 0x0000000118f5de90 code [0x0000000118f5e180, 0x0000000118f5f850]

GC Heap History (20 events):
Event: 7860.468 GC heap after
{Heap after GC invocations=1947 (full 76):
 PSYoungGen      total 9216K, used 608K [0x00000007eab00000, 0x00000007eb600000, 0x0000000800000000)
  eden space 7168K, 0% used [0x00000007eab00000,0x00000007eab00000,0x00000007eb200000)
  from space 2048K, 29% used [0x00000007eb280000,0x00000007eb318000,0x00000007eb480000)
  to   space 1024K, 0% used [0x00000007eb500000,0x00000007eb500000,0x00000007eb600000)
 ParOldGen       total 138240K, used 131595K [0x00000007c0000000, 0x00000007c8700000, 0x00000007eab00000)
  object space 138240K, 95% used [0x00000007c0000000,0x00000007c8082ef0,0x00000007c8700000)
 Metaspace       used 82329K, capacity 85817K, committed 86132K, reserved 1126400K
  class space    used 7684K, capacity 8900K, committed 8960K, reserved 1048576K
}
Event: 7867.545 GC heap before
{Heap before GC invocations=1948 (full 76):
 PSYoungGen      total 9216K, used 7776K [0x00000007eab00000, 0x00000007eb600000, 0x0000000800000000)
  eden space 7168K, 100% used [0x00000007eab00000,0x00000007eb200000,0x00000007eb200000)
  from space 2048K, 29% used [0x00000007eb280000,0x00000007eb318000,0x00000007eb480000)
  to   space 1024K, 0% used [0x00000007eb500000,0x00000007eb500000,0x00000007eb600000)
 ParOldGen       total 138240K, used 131595K [0x00000007c0000000, 0x00000007c8700000, 0x00000007eab00000)
  object space 138240K, 95% used [0x00000007c0000000,0x00000007c8082ef0,0x00000007c8700000)
 Metaspace       used 82337K, capacity 85817K, committed 86132K, reserved 1126400K
  class space    used 7685K, capacity 8900K, committed 8960K, reserved 1048576K
}
Event: 7867.550 GC heap after
{Heap after GC invocations=1948 (full 76):
 PSYoungGen      total 8192K, used 672K [0x00000007eab00000, 0x00000007eb600000, 0x0000000800000000)
  eden space 7168K, 0% used [0x00000007eab00000,0x00000007eab00000,0x00000007eb200000)
  from space 1024K, 65% used [0x00000007eb500000,0x00000007eb5a8000,0x00000007eb600000)
  to   space 1024K, 0% used [0x00000007eb400000,0x00000007eb400000,0x00000007eb500000)
 ParOldGen       total 138240K, used 131595K [0x00000007c0000000, 0x00000007c8700000, 0x00000007eab00000)
  object space 138240K, 95% used [0x00000007c0000000,0x00000007c8082ef0,0x00000007c8700000)
 Metaspace       used 82337K, capacity 85817K, committed 86132K, reserved 1126400K
  class space    used 7685K, capacity 8900K, committed 8960K, reserved 1048576K
}
Event: 7868.803 GC heap before
{Heap before GC invocations=1949 (full 76):
 PSYoungGen      total 8192K, used 7839K [0x00000007eab00000, 0x00000007eb600000, 0x0000000800000000)
  eden space 7168K, 99% used [0x00000007eab00000,0x00000007eb1ffff8,0x00000007eb200000)
  from space 1024K, 65% used [0x00000007eb500000,0x00000007eb5a8000,0x00000007eb600000)
  to   space 1024K, 0% used [0x00000007eb400000,0x00000007eb400000,0x00000007eb500000)
 ParOldGen       total 138240K, used 131595K [0x00000007c0000000, 0x00000007c8700000, 0x00000007eab00000)
  object space 138240K, 95% used [0x00000007c0000000,0x00000007c8082ef0,0x00000007c8700000)
 Metaspace       used 82337K, capacity 85817K, committed 86132K, reserved 1126400K
  class space    used 7685K, capacity 8900K, committed 8960K, reserved 1048576K
}
Event: 7868.807 GC heap after
{Heap after GC invocations=1949 (full 76):
 PSYoungGen      total 8192K, used 1008K [0x00000007eab00000, 0x00000007eb600000, 0x0000000800000000)
  eden space 7168K, 0% used [0x00000007eab00000,0x00000007eab00000,0x00000007eb200000)
  from space 1024K, 98% used [0x00000007eb400000,0x00000007eb4fc010,0x00000007eb500000)
  to   space 1024K, 0% used [0x00000007eb500000,0x00000007eb500000,0x00000007eb600000)
 ParOldGen       total 138240K, used 132031K [0x00000007c0000000, 0x00000007c8700000, 0x00000007eab00000)
  object space 138240K, 95% used [0x00000007c0000000,0x00000007c80efdf0,0x00000007c8700000)
 Metaspace       used 82337K, capacity 85817K, committed 86132K, reserved 1126400K
  class space    used 7685K, capacity 8900K, committed 8960K, reserved 1048576K
}
Event: 7868.846 GC heap before
{Heap before GC invocations=1950 (full 76):
 PSYoungGen      total 8192K, used 8176K [0x00000007eab00000, 0x00000007eb600000, 0x0000000800000000)
  eden space 7168K, 100% used [0x00000007eab00000,0x00000007eb200000,0x00000007eb200000)
  from space 1024K, 98% used [0x00000007eb400000,0x00000007eb4fc010,0x00000007eb500000)
  to   space 1024K, 0% used [0x00000007eb500000,0x00000007eb500000,0x00000007eb600000)
 ParOldGen       total 138240K, used 132031K [0x00000007c0000000, 0x00000007c8700000, 0x00000007eab00000)
  object space 138240K, 95% used [0x00000007c0000000,0x00000007c80efdf0,0x00000007c8700000)
 Metaspace       used 82337K, capacity 85817K, committed 86132K, reserved 1126400K
  class space    used 7685K, capacity 8900K, committed 8960K, reserved 1048576K
}
Event: 7868.853 GC heap after
{Heap after GC invocations=1950 (full 76):
 PSYoungGen      total 8192K, used 976K [0x00000007eab00000, 0x00000007eb600000, 0x0000000800000000)
  eden space 7168K, 0% used [0x00000007eab00000,0x00000007eab00000,0x00000007eb200000)
  from space 1024K, 95% used [0x00000007eb500000,0x00000007eb5f4010,0x00000007eb600000)
  to   space 1536K, 0% used [0x00000007eb300000,0x00000007eb300000,0x00000007eb480000)
 ParOldGen       total 138240K, used 132548K [0x00000007c0000000, 0x00000007c8700000, 0x00000007eab00000)
  object space 138240K, 95% used [0x00000007c0000000,0x00000007c8171290,0x00000007c8700000)
 Metaspace       used 82337K, capacity 85817K, committed 86132K, reserved 1126400K
  class space    used 7685K, capacity 8900K, committed 8960K, reserved 1048576K
}
Event: 7869.909 GC heap before
{Heap before GC invocations=1951 (full 76):
 PSYoungGen      total 8192K, used 8144K [0x00000007eab00000, 0x00000007eb600000, 0x0000000800000000)
  eden space 7168K, 100% used [0x00000007eab00000,0x00000007eb200000,0x00000007eb200000)
  from space 1024K, 95% used [0x00000007eb500000,0x00000007eb5f4010,0x00000007eb600000)
  to   space 1536K, 0% used [0x00000007eb300000,0x00000007eb300000,0x00000007eb480000)
 ParOldGen       total 138240K, used 132548K [0x00000007c0000000, 0x00000007c8700000, 0x00000007eab00000)
  object space 138240K, 95% used [0x00000007c0000000,0x00000007c8171290,0x00000007c8700000)
 Metaspace       used 82337K, capacity 85817K, committed 86132K, reserved 1126400K
  class space    used 7685K, capacity 8900K, committed 8960K, reserved 1048576K
}
Event: 7869.918 GC heap after
{Heap after GC invocations=1951 (full 76):
 PSYoungGen      total 8704K, used 1536K [0x00000007eab00000, 0x00000007eb700000, 0x0000000800000000)
  eden space 7168K, 0% used [0x00000007eab00000,0x00000007eab00000,0x00000007eb200000)
  from space 1536K, 100% used [0x00000007eb300000,0x00000007eb480000,0x00000007eb480000)
  to   space 2560K, 0% used [0x00000007eb480000,0x00000007eb480000,0x00000007eb700000)
 ParOldGen       total 138240K, used 133209K [0x00000007c0000000, 0x00000007c8700000, 0x00000007eab00000)
  object space 138240K, 96% used [0x00000007c0000000,0x00000007c8216750,0x00000007c8700000)
 Metaspace       used 82337K, capacity 85817K, committed 86132K, reserved 1126400K
  class space    used 7685K, capacity 8900K, committed 8960K, reserved 1048576K
}
Event: 7870.006 GC heap before
{Heap before GC invocations=1952 (full 76):
 PSYoungGen      total 8704K, used 8703K [0x00000007eab00000, 0x00000007eb700000, 0x0000000800000000)
  eden space 7168K, 99% used [0x00000007eab00000,0x00000007eb1fffa0,0x00000007eb200000)
  from space 1536K, 100% used [0x00000007eb300000,0x00000007eb480000,0x00000007eb480000)
  to   space 2560K, 0% used [0x00000007eb480000,0x00000007eb480000,0x00000007eb700000)
 ParOldGen       total 138240K, used 133209K [0x00000007c0000000, 0x00000007c8700000, 0x00000007eab00000)
  object space 138240K, 96% used [0x00000007c0000000,0x00000007c8216750,0x00000007c8700000)
 Metaspace       used 82337K, capacity 85817K, committed 86132K, reserved 1126400K
  class space    used 7685K, capacity 8900K, committed 8960K, reserved 1048576K
}
Event: 7870.013 GC heap after
{Heap after GC invocations=1952 (full 76):
 PSYoungGen      total 8704K, used 1344K [0x00000007eab00000, 0x00000007eb600000, 0x0000000800000000)
  eden space 7168K, 0% used [0x00000007eab00000,0x00000007eab00000,0x00000007eb200000)
  from space 1536K, 87% used [0x00000007eb480000,0x00000007eb5d0020,0x00000007eb600000)
  to   space 2048K, 0% used [0x00000007eb200000,0x00000007eb200000,0x00000007eb400000)
 ParOldGen       total 138240K, used 134109K [0x00000007c0000000, 0x00000007c8700000, 0x00000007eab00000)
  object space 138240K, 97% used [0x00000007c0000000,0x00000007c82f7630,0x00000007c8700000)
 Metaspace       used 82337K, capacity 85817K, committed 86132K, reserved 1126400K
  class space    used 7685K, capacity 8900K, committed 8960K, reserved 1048576K
}
Event: 7875.027 GC heap before
{Heap before GC invocations=1953 (full 76):
 PSYoungGen      total 8704K, used 8512K [0x00000007eab00000, 0x00000007eb600000, 0x0000000800000000)
  eden space 7168K, 100% used [0x00000007eab00000,0x00000007eb200000,0x00000007eb200000)
  from space 1536K, 87% used [0x00000007eb480000,0x00000007eb5d0020,0x00000007eb600000)
  to   space 2048K, 0% used [0x00000007eb200000,0x00000007eb200000,0x00000007eb400000)
 ParOldGen       total 138240K, used 134109K [0x00000007c0000000, 0x00000007c8700000, 0x00000007eab00000)
  object space 138240K, 97% used [0x00000007c0000000,0x00000007c82f7630,0x00000007c8700000)
 Metaspace       used 82355K, capacity 85839K, committed 86132K, reserved 1126400K
  class space    used 7687K, capacity 8904K, committed 8960K, reserved 1048576K
}
Event: 7875.036 GC heap after
{Heap after GC invocations=1953 (full 76):
 PSYoungGen      total 9216K, used 1728K [0x00000007eab00000, 0x00000007eb600000, 0x0000000800000000)
  eden space 7168K, 0% used [0x00000007eab00000,0x00000007eab00000,0x00000007eb200000)
  from space 2048K, 84% used [0x00000007eb200000,0x00000007eb3b0020,0x00000007eb400000)
  to   space 2048K, 0% used [0x00000007eb400000,0x00000007eb400000,0x00000007eb600000)
 ParOldGen       total 138240K, used 134109K [0x00000007c0000000, 0x00000007c8700000, 0x00000007eab00000)
  object space 138240K, 97% used [0x00000007c0000000,0x00000007c82f7630,0x00000007c8700000)
 Metaspace       used 82355K, capacity 85839K, committed 86132K, reserved 1126400K
  class space    used 7687K, capacity 8904K, committed 8960K, reserved 1048576K
}
Event: 7877.112 GC heap before
{Heap before GC invocations=1954 (full 76):
 PSYoungGen      total 9216K, used 8896K [0x00000007eab00000, 0x00000007eb600000, 0x0000000800000000)
  eden space 7168K, 100% used [0x00000007eab00000,0x00000007eb200000,0x00000007eb200000)
  from space 2048K, 84% used [0x00000007eb200000,0x00000007eb3b0020,0x00000007eb400000)
  to   space 2048K, 0% used [0x00000007eb400000,0x00000007eb400000,0x00000007eb600000)
 ParOldGen       total 138240K, used 134109K [0x00000007c0000000, 0x00000007c8700000, 0x00000007eab00000)
  object space 138240K, 97% used [0x00000007c0000000,0x00000007c82f7630,0x00000007c8700000)
 Metaspace       used 82369K, capacity 85903K, committed 86132K, reserved 1126400K
  class space    used 7687K, capacity 8904K, committed 8960K, reserved 1048576K
}
Event: 7877.115 GC heap after
{Heap after GC invocations=1954 (full 76):
 PSYoungGen      total 9216K, used 1520K [0x00000007eab00000, 0x00000007eb600000, 0x0000000800000000)
  eden space 7168K, 0% used [0x00000007eab00000,0x00000007eab00000,0x00000007eb200000)
  from space 2048K, 74% used [0x00000007eb400000,0x00000007eb57c040,0x00000007eb600000)
  to   space 2048K, 0% used [0x00000007eb200000,0x00000007eb200000,0x00000007eb400000)
 ParOldGen       total 138240K, used 134117K [0x00000007c0000000, 0x00000007c8700000, 0x00000007eab00000)
  object space 138240K, 97% used [0x00000007c0000000,0x00000007c82f9630,0x00000007c8700000)
 Metaspace       used 82369K, capacity 85903K, committed 86132K, reserved 1126400K
  class space    used 7687K, capacity 8904K, committed 8960K, reserved 1048576K
}
Event: 7881.783 GC heap before
{Heap before GC invocations=1955 (full 76):
 PSYoungGen      total 9216K, used 8688K [0x00000007eab00000, 0x00000007eb600000, 0x0000000800000000)
  eden space 7168K, 100% used [0x00000007eab00000,0x00000007eb200000,0x00000007eb200000)
  from space 2048K, 74% used [0x00000007eb400000,0x00000007eb57c040,0x00000007eb600000)
  to   space 2048K, 0% used [0x00000007eb200000,0x00000007eb200000,0x00000007eb400000)
 ParOldGen       total 138240K, used 134117K [0x00000007c0000000, 0x00000007c8700000, 0x00000007eab00000)
  object space 138240K, 97% used [0x00000007c0000000,0x00000007c82f9630,0x00000007c8700000)
 Metaspace       used 82376K, capacity 85903K, committed 86132K, reserved 1126400K
  class space    used 7687K, capacity 8904K, committed 8960K, reserved 1048576K
}
Event: 7881.787 GC heap after
{Heap after GC invocations=1955 (full 76):
 PSYoungGen      total 9216K, used 1552K [0x00000007eab00000, 0x00000007eb600000, 0x0000000800000000)
  eden space 7168K, 0% used [0x00000007eab00000,0x00000007eab00000,0x00000007eb200000)
  from space 2048K, 75% used [0x00000007eb200000,0x00000007eb384020,0x00000007eb400000)
  to   space 2048K, 0% used [0x00000007eb400000,0x00000007eb400000,0x00000007eb600000)
 ParOldGen       total 138240K, used 134117K [0x00000007c0000000, 0x00000007c8700000, 0x00000007eab00000)
  object space 138240K, 97% used [0x00000007c0000000,0x00000007c82f9630,0x00000007c8700000)
 Metaspace       used 82376K, capacity 85903K, committed 86132K, reserved 1126400K
  class space    used 7687K, capacity 8904K, committed 8960K, reserved 1048576K
}
Event: 7894.601 GC heap before
{Heap before GC invocations=1956 (full 76):
 PSYoungGen      total 9216K, used 8720K [0x00000007eab00000, 0x00000007eb600000, 0x0000000800000000)
  eden space 7168K, 100% used [0x00000007eab00000,0x00000007eb200000,0x00000007eb200000)
  from space 2048K, 75% used [0x00000007eb200000,0x00000007eb384020,0x00000007eb400000)
  to   space 2048K, 0% used [0x00000007eb400000,0x00000007eb400000,0x00000007eb600000)
 ParOldGen       total 138240K, used 134117K [0x00000007c0000000, 0x00000007c8700000, 0x00000007eab00000)
  object space 138240K, 97% used [0x00000007c0000000,0x00000007c82f9630,0x00000007c8700000)
 Metaspace       used 82398K, capacity 85973K, committed 86388K, reserved 1126400K
  class space    used 7689K, capacity 8905K, committed 8960K, reserved 1048576K
}
Event: 7894.606 GC heap after
{Heap after GC invocations=1956 (full 76):
 PSYoungGen      total 8192K, used 2040K [0x00000007eab00000, 0x00000007eb800000, 0x0000000800000000)
  eden space 6144K, 0% used [0x00000007eab00000,0x00000007eab00000,0x00000007eb100000)
  from space 2048K, 99% used [0x00000007eb400000,0x00000007eb5fe018,0x00000007eb600000)
  to   space 3072K, 0% used [0x00000007eb100000,0x00000007eb100000,0x00000007eb400000)
 ParOldGen       total 138240K, used 134692K [0x00000007c0000000, 0x00000007c8700000, 0x00000007eab00000)
  object space 138240K, 97% used [0x00000007c0000000,0x00000007c83890a8,0x00000007c8700000)
 Metaspace       used 82398K, capacity 85973K, committed 86388K, reserved 1126400K
  class space    used 7689K, capacity 8905K, committed 8960K, reserved 1048576K
}
Event: 7894.630 GC heap before
{Heap before GC invocations=1957 (full 76):
 PSYoungGen      total 8192K, used 8184K [0x00000007eab00000, 0x00000007eb800000, 0x0000000800000000)
  eden space 6144K, 100% used [0x00000007eab00000,0x00000007eb100000,0x00000007eb100000)
  from space 2048K, 99% used [0x00000007eb400000,0x00000007eb5fe018,0x00000007eb600000)
  to   space 3072K, 0% used [0x00000007eb100000,0x00000007eb100000,0x00000007eb400000)
 ParOldGen       total 138240K, used 134692K [0x00000007c0000000, 0x00000007c8700000, 0x00000007eab00000)
  object space 138240K, 97% used [0x00000007c0000000,0x00000007c83890a8,0x00000007c8700000)
 Metaspace       used 82398K, capacity 85973K, committed 86388K, reserved 1126400K
  class space    used 7689K, capacity 8905K, committed 8960K, reserved 1048576K
}

Deoptimization events (20 events):
Event: 7852.631 Thread 0x00007fe1b165f800 Uncommon trap: trap_request=0xffffff4d fr.pc=0x000000011ecc27b4 relative=0x00000000000009b4
Event: 7852.631 Thread 0x00007fe1b165f800 Uncommon trap: reason=unstable_if action=reinterpret pc=0x000000011ecc27b4 method=org.eclipse.jdt.internal.compiler.parser.Parser.consumeLocalVariableDeclarationStatement()V @ 174 c2
Event: 7852.631 Thread 0x00007fe1b165f800 DEOPT PACKING pc=0x000000011ecc27b4 sp=0x000070000ca82090
Event: 7852.631 Thread 0x00007fe1b165f800 DEOPT UNPACKING pc=0x00000001171002a5 sp=0x000070000ca82028 mode 2
Event: 7858.945 Thread 0x00007fe1af580800 Uncommon trap: trap_request=0xffffffbe fr.pc=0x000000011f956008 relative=0x00000000000005e8
Event: 7858.945 Thread 0x00007fe1af580800 Uncommon trap: reason=profile_predicate action=maybe_recompile pc=0x000000011f956008 method=org.eclipse.jdt.internal.core.JavaElementDeltaBuilder.insertPositions([Lorg/eclipse/jdt/core/IJavaElement;Z)V @ 115 c2
Event: 7858.945 Thread 0x00007fe1af580800 DEOPT PACKING pc=0x000000011f956008 sp=0x000070000cb86210
Event: 7858.945 Thread 0x00007fe1af580800 DEOPT UNPACKING pc=0x00000001171002a5 sp=0x000070000cb86128 mode 2
Event: 7858.945 Thread 0x00007fe1af580800 Uncommon trap: trap_request=0xffffffbe fr.pc=0x000000011f956008 relative=0x00000000000005e8
Event: 7858.945 Thread 0x00007fe1af580800 Uncommon trap: reason=profile_predicate action=maybe_recompile pc=0x000000011f956008 method=org.eclipse.jdt.internal.core.JavaElementDeltaBuilder.insertPositions([Lorg/eclipse/jdt/core/IJavaElement;Z)V @ 115 c2
Event: 7858.945 Thread 0x00007fe1af580800 DEOPT PACKING pc=0x000000011f956008 sp=0x000070000cb86140
Event: 7858.945 Thread 0x00007fe1af580800 DEOPT UNPACKING pc=0x00000001171002a5 sp=0x000070000cb86078 mode 2
Event: 7858.945 Thread 0x00007fe1af580800 Uncommon trap: trap_request=0xffffffbe fr.pc=0x000000011f956008 relative=0x00000000000005e8
Event: 7858.945 Thread 0x00007fe1af580800 Uncommon trap: reason=profile_predicate action=maybe_recompile pc=0x000000011f956008 method=org.eclipse.jdt.internal.core.JavaElementDeltaBuilder.insertPositions([Lorg/eclipse/jdt/core/IJavaElement;Z)V @ 115 c2
Event: 7858.945 Thread 0x00007fe1af580800 DEOPT PACKING pc=0x000000011f956008 sp=0x000070000cb86140
Event: 7858.945 Thread 0x00007fe1af580800 DEOPT UNPACKING pc=0x00000001171002a5 sp=0x000070000cb86078 mode 2
Event: 7858.972 Thread 0x00007fe1af580800 Uncommon trap: trap_request=0xffffffbe fr.pc=0x000000011f956008 relative=0x00000000000005e8
Event: 7858.972 Thread 0x00007fe1af580800 Uncommon trap: reason=profile_predicate action=maybe_recompile pc=0x000000011f956008 method=org.eclipse.jdt.internal.core.JavaElementDeltaBuilder.insertPositions([Lorg/eclipse/jdt/core/IJavaElement;Z)V @ 115 c2
Event: 7858.972 Thread 0x00007fe1af580800 DEOPT PACKING pc=0x000000011f956008 sp=0x000070000cb86210
Event: 7858.972 Thread 0x00007fe1af580800 DEOPT UNPACKING pc=0x00000001171002a5 sp=0x000070000cb86128 mode 2

Classes redefined (0 events):
No events

Internal exceptions (20 events):
Event: 6805.022 Thread 0x00007fe1aaa37000 Exception <a 'java/lang/ArrayIndexOutOfBoundsException'{0x00000007ec34ec58}> (0x00000007ec34ec58) thrown at [./src/hotspot/share/runtime/sharedRuntime.cpp, line 606]
Event: 6805.200 Thread 0x00007fe1aaa37000 Exception <a 'java/lang/ArrayIndexOutOfBoundsException'{0x00000007ec4f2230}> (0x00000007ec4f2230) thrown at [./src/hotspot/share/runtime/sharedRuntime.cpp, line 606]
Event: 6805.970 Thread 0x00007fe1aad9a800 Exception <a 'java/lang/ArrayIndexOutOfBoundsException'{0x00000007ec64cb90}> (0x00000007ec64cb90) thrown at [./src/hotspot/share/runtime/sharedRuntime.cpp, line 606]
Event: 6805.973 Thread 0x00007fe1af5c0800 Exception <a 'java/lang/ArrayIndexOutOfBoundsException'{0x00000007ec6b8908}> (0x00000007ec6b8908) thrown at [./src/hotspot/share/runtime/sharedRuntime.cpp, line 606]
Event: 6805.995 Thread 0x00007fe1af5c0800 Exception <a 'java/lang/ArrayIndexOutOfBoundsException'{0x00000007eab33e68}> (0x00000007eab33e68) thrown at [./src/hotspot/share/runtime/sharedRuntime.cpp, line 606]
Event: 6805.998 Thread 0x00007fe1af5c0800 Exception <a 'java/lang/ArrayIndexOutOfBoundsException'{0x00000007eac034e0}> (0x00000007eac034e0) thrown at [./src/hotspot/share/runtime/sharedRuntime.cpp, line 606]
Event: 6810.310 Thread 0x00007fe1b352f800 Exception <a 'java/lang/ClassNotFoundException'{0x00000007ebaa8ad0}: sun/net/www/protocol/jdt/Handler> (0x00000007ebaa8ad0) thrown at [./src/hotspot/share/classfile/systemDictionary.cpp, line 231]
Event: 6810.311 Thread 0x00007fe1b352f800 Exception <a 'java/lang/ClassNotFoundException'{0x00000007ebaab5d8}: sun/net/www/protocol/jdt/Handler> (0x00000007ebaab5d8) thrown at [./src/hotspot/share/classfile/systemDictionary.cpp, line 231]
Event: 6810.311 Thread 0x00007fe1b352f800 Exception <a 'java/lang/ClassNotFoundException'{0x00000007ebaae050}: sun/net/www/protocol/jdt/Handler> (0x00000007ebaae050) thrown at [./src/hotspot/share/classfile/systemDictionary.cpp, line 231]
Event: 6810.311 Thread 0x00007fe1b352f800 Exception <a 'java/lang/ClassNotFoundException'{0x00000007ebab0128}: sun/net/www/protocol/jdt/Handler> (0x00000007ebab0128) thrown at [./src/hotspot/share/classfile/systemDictionary.cpp, line 231]
Event: 6822.439 Thread 0x00007fe1af5c0800 Implicit null exception at 0x000000011ef8f0ed to 0x000000011ef8fd64
Event: 6915.753 Thread 0x00007fe1aa421000 Exception <a 'java/lang/InterruptedException'{0x00000007eb50e088}> (0x00000007eb50e088) thrown at [./src/hotspot/share/runtime/objectMonitor.cpp, line 1635]
Event: 7115.261 Thread 0x00007fe1b154c000 Exception <a 'java/lang/NoSuchMethodError'{0x00000007eb9cc5d8}: 'java.lang.Object java.lang.invoke.Invokers$Holder.linkToTargetMethod(java.lang.Object, java.lang.Object, java.lang.Object, java.lang.Object, java.lang.Object, java.lang.Object, java.lang.Object)'> (0x00000007eb9cc5d8) thrown at [./src/hotspot/share/interpreter/linkResolver.cpp, line 773]
Event: 7205.508 Thread 0x00007fe1b11bb000 Exception <a 'java/lang/InterruptedException'{0x00000007ead62c60}> (0x00000007ead62c60) thrown at [./src/hotspot/share/runtime/objectMonitor.cpp, line 1635]
Event: 7451.818 Thread 0x00007fe1b17bc000 Exception <a 'java/lang/InterruptedException'{0x00000007eb03ae88}> (0x00000007eb03ae88) thrown at [./src/hotspot/share/runtime/objectMonitor.cpp, line 1448]
Event: 7494.469 Thread 0x00007fe1b0c3a800 Exception <a 'java/lang/InterruptedException'{0x00000007eb3f2a78}> (0x00000007eb3f2a78) thrown at [./src/hotspot/share/runtime/objectMonitor.cpp, line 1635]
Event: 7593.079 Thread 0x00007fe1b098d800 Exception <a 'java/lang/InterruptedException'{0x00000007eb23b840}> (0x00000007eb23b840) thrown at [./src/hotspot/share/runtime/objectMonitor.cpp, line 1448]
Event: 7622.412 Thread 0x00007fe1af751000 Exception <a 'java/lang/InterruptedException'{0x00000007eabb5a18}> (0x00000007eabb5a18) thrown at [./src/hotspot/share/runtime/objectMonitor.cpp, line 1448]
Event: 7682.722 Thread 0x00007fe1b300a800 Exception <a 'java/lang/InterruptedException'{0x00000007eb079a78}> (0x00000007eb079a78) thrown at [./src/hotspot/share/runtime/objectMonitor.cpp, line 1635]
Event: 7889.168 Thread 0x00007fe1b11bb000 Exception <a 'java/lang/InterruptedException'{0x00000007eac7ab80}> (0x00000007eac7ab80) thrown at [./src/hotspot/share/runtime/objectMonitor.cpp, line 1635]

Events (20 events):
Event: 7889.168 Executing VM operation: RevokeBias done
Event: 7889.168 Protecting memory [0x000070000d934000,0x000070000d938000] with protection modes 3
Event: 7889.168 Protecting memory [0x000070000db3a000,0x000070000db3e000] with protection modes 3
Event: 7889.168 Thread 0x00007fe1b302d800 Thread exited: 0x00007fe1b302d800
Event: 7889.168 Thread 0x00007fe1b11bb000 Thread exited: 0x00007fe1b11bb000
Event: 7889.168 Executing VM operation: RevokeBias
Event: 7889.168 Executing VM operation: RevokeBias done
Event: 7889.169 Protecting memory [0x000070000da37000,0x000070000da3b000] with protection modes 3
Event: 7889.169 Thread 0x00007fe1b0b51000 Thread exited: 0x00007fe1b0b51000
Event: 7889.703 Executing VM operation: RevokeBias
Event: 7889.703 Executing VM operation: RevokeBias done
Event: 7889.703 Protecting memory [0x000070000d831000,0x000070000d835000] with protection modes 3
Event: 7889.703 Thread 0x00007fe1ab4ac000 Thread exited: 0x00007fe1ab4ac000
Event: 7894.597 Executing VM operation: RevokeBias
Event: 7894.597 Executing VM operation: RevokeBias done
Event: 7894.598 Executing VM operation: BulkRevokeBias
Event: 7894.598 Executing VM operation: BulkRevokeBias done
Event: 7894.601 Executing VM operation: ParallelGCFailedAllocation
Event: 7894.606 Executing VM operation: ParallelGCFailedAllocation done
Event: 7894.630 Executing VM operation: ParallelGCFailedAllocation


Dynamic libraries:
0x00007fff3501c000 	/System/Library/Frameworks/Cocoa.framework/Versions/A/Cocoa
0x00007fff22361000 	/System/Library/Frameworks/Security.framework/Versions/A/Security
0x00007fff33224000 	/System/Library/Frameworks/ApplicationServices.framework/Versions/A/ApplicationServices
0x00007fff2a5e3000 	/usr/lib/libz.1.dylib
0x0000000109143000 	/Library/Java/JavaVirtualMachines/adoptopenjdk-11.jdk/Contents/Home/lib/jli/libjli.dylib
0x00007fff2a6ab000 	/usr/lib/libSystem.B.dylib
0x00007fff22d92000 	/System/Library/Frameworks/AppKit.framework/Versions/C/AppKit
0x00007fff25c56000 	/System/Library/Frameworks/CoreData.framework/Versions/A/CoreData
0x00007fff212f9000 	/System/Library/Frameworks/Foundation.framework/Versions/C/Foundation
0x00007fff23ade000 	/System/Library/PrivateFrameworks/UIFoundation.framework/Versions/A/UIFoundation
0x00007fff2fcde000 	/System/Library/PrivateFrameworks/RemoteViewServices.framework/Versions/A/RemoteViewServices
0x00007fff28aef000 	/System/Library/PrivateFrameworks/XCTTargetBootstrap.framework/Versions/A/XCTTargetBootstrap
0x00007fff2b7d4000 	/usr/lib/libspindump.dylib
0x00007fff23d2d000 	/System/Library/Frameworks/UniformTypeIdentifiers.framework/Versions/A/UniformTypeIdentifiers
0x00007fff272f3000 	/usr/lib/libapp_launch_measurement.dylib
0x00007fff272f6000 	/System/Library/PrivateFrameworks/CoreAutoLayout.framework/Versions/A/CoreAutoLayout
0x00007fff28456000 	/System/Library/Frameworks/Metal.framework/Versions/A/Metal
0x00007fff2914c000 	/usr/lib/liblangid.dylib
0x00007fff28af3000 	/System/Library/PrivateFrameworks/CoreSVG.framework/Versions/A/CoreSVG
0x00007fff24d6d000 	/System/Library/PrivateFrameworks/SkyLight.framework/Versions/A/SkyLight
0x00007fff250d3000 	/System/Library/Frameworks/CoreGraphics.framework/Versions/A/CoreGraphics
0x00007fff30205000 	/System/Library/Frameworks/Accelerate.framework/Versions/A/Accelerate
0x00007fff2b212000 	/System/Library/PrivateFrameworks/IconServices.framework/Versions/A/IconServices
0x00007fff2843a000 	/System/Library/Frameworks/IOSurface.framework/Versions/A/IOSurface
0x00007fff265de000 	/usr/lib/libDiagnosticMessagesClient.dylib
0x00007fff28adb000 	/System/Library/PrivateFrameworks/DFRFoundation.framework/Versions/A/DFRFoundation
0x00007fff226b9000 	/usr/lib/libicucore.A.dylib
0x00007fff2cd1d000 	/System/Library/Frameworks/AudioToolbox.framework/Versions/A/AudioToolbox
0x00007fff2bfa5000 	/System/Library/PrivateFrameworks/DataDetectorsCore.framework/Versions/A/DataDetectorsCore
0x00007fff24ce0000 	/usr/lib/libMobileGestalt.dylib
0x00007fff287df000 	/System/Library/Frameworks/Carbon.framework/Versions/A/Frameworks/HIToolbox.framework/Versions/A/HIToolbox
0x00007fff26d38000 	/System/Library/Frameworks/QuartzCore.framework/Versions/A/QuartzCore
0x00007fff2fd16000 	/System/Library/Frameworks/Carbon.framework/Versions/A/Frameworks/SpeechRecognition.framework/Versions/A/SpeechRecognition
0x00007fff27058000 	/System/Library/PrivateFrameworks/CoreUI.framework/Versions/A/CoreUI
0x00007fff21ccf000 	/System/Library/Frameworks/CoreAudio.framework/Versions/A/CoreAudio
0x00007fff266c9000 	/System/Library/Frameworks/DiskArbitration.framework/Versions/A/DiskArbitration
0x00007fff2bba2000 	/System/Library/PrivateFrameworks/MultitouchSupport.framework/Versions/A/MultitouchSupport
0x00007fff2bf9c000 	/System/Library/PrivateFrameworks/InternationalSupport.framework/Versions/A/InternationalSupport
0x00007fff24cdf000 	/usr/lib/libenergytrace.dylib
0x00007fff22c89000 	/System/Library/Frameworks/IOKit.framework/Versions/A/IOKit
0x00007fff30049000 	/System/Library/Frameworks/CoreServices.framework/Versions/A/CoreServices
0x00007fff27285000 	/System/Library/PrivateFrameworks/PerformanceAnalysis.framework/Versions/A/PerformanceAnalysis
0x00007fff6bbb4000 	/System/Library/Frameworks/OpenGL.framework/Versions/A/OpenGL
0x00007fff2c020000 	/System/Library/PrivateFrameworks/UserActivity.framework/Versions/A/UserActivity
0x00007fff2036a000 	/usr/lib/libobjc.A.dylib
0x00007fff2575d000 	/System/Library/Frameworks/ColorSync.framework/Versions/A/ColorSync
0x00007fff2054a000 	/System/Library/Frameworks/CoreFoundation.framework/Versions/A/CoreFoundation
0x00007fff28d5a000 	/System/Library/Frameworks/CoreImage.framework/Versions/A/CoreImage
0x00007fff21ae9000 	/System/Library/Frameworks/CoreText.framework/Versions/A/CoreText
0x00007fff28b1d000 	/System/Library/Frameworks/ImageIO.framework/Versions/A/ImageIO
0x00007fff2a6b1000 	/System/Library/PrivateFrameworks/SoftLinking.framework/Versions/A/SoftLinking
0x00007fff2733e000 	/usr/lib/libxml2.2.dylib
0x00007fff20430000 	/usr/lib/libc++.1.dylib
0x00007fff2a922000 	/usr/lib/libcompression.dylib
0x00007fff2bece000 	/System/Library/PrivateFrameworks/TextureIO.framework/Versions/A/TextureIO
0x00007fff2af51000 	/usr/lib/libate.dylib
0x00007fff2a6a5000 	/usr/lib/system/libcache.dylib
0x00007fff2a661000 	/usr/lib/system/libcommonCrypto.dylib
0x00007fff2a68b000 	/usr/lib/system/libcompiler_rt.dylib
0x00007fff2a680000 	/usr/lib/system/libcopyfile.dylib
0x00007fff2025a000 	/usr/lib/system/libcorecrypto.dylib
0x00007fff20325000 	/usr/lib/system/libdispatch.dylib
0x00007fff204d8000 	/usr/lib/system/libdyld.dylib
0x00007fff2a69c000 	/usr/lib/system/libkeymgr.dylib
0x00007fff2dab4000 	/usr/lib/system/liblaunch.dylib
0x00007fff2a63f000 	/usr/lib/system/libmacho.dylib
0x00007fff29e37000 	/usr/lib/system/libquarantine.dylib
0x00007fff2a699000 	/usr/lib/system/libremovefile.dylib
0x00007fff24d3d000 	/usr/lib/system/libsystem_asl.dylib
0x00007fff2020a000 	/usr/lib/system/libsystem_blocks.dylib
0x00007fff203a7000 	/usr/lib/system/libsystem_c.dylib
0x00007fff2a693000 	/usr/lib/system/libsystem_collections.dylib
0x00007fff2913d000 	/usr/lib/system/libsystem_configuration.dylib
0x00007fff28429000 	/usr/lib/system/libsystem_containermanager.dylib
0x00007fff2a3e2000 	/usr/lib/system/libsystem_coreservices.dylib
0x00007fff22919000 	/usr/lib/system/libsystem_darwin.dylib
0x00007fff2a69d000 	/usr/lib/system/libsystem_dnssd.dylib
0x00007fff203a4000 	/usr/lib/system/libsystem_featureflags.dylib
0x00007fff2051e000 	/usr/lib/system/libsystem_info.dylib
0x00007fff2a5f6000 	/usr/lib/system/libsystem_m.dylib
0x00007fff202f8000 	/usr/lib/system/libsystem_malloc.dylib
0x00007fff24cd0000 	/usr/lib/system/libsystem_networkextension.dylib
0x00007fff22d38000 	/usr/lib/system/libsystem_notify.dylib
0x00007fff2ff4b000 	/usr/lib/system/libsystem_product_info_filter.dylib
0x00007fff29141000 	/usr/lib/system/libsystem_sandbox.dylib
0x00007fff2a696000 	/usr/lib/system/libsystem_secinit.dylib
0x00007fff2049c000 	/usr/lib/system/libsystem_kernel.dylib
0x00007fff20514000 	/usr/lib/system/libsystem_platform.dylib
0x00007fff204cc000 	/usr/lib/system/libsystem_pthread.dylib
0x00007fff2641a000 	/usr/lib/system/libsystem_symptoms.dylib
0x00007fff20242000 	/usr/lib/system/libsystem_trace.dylib
0x00007fff2a66d000 	/usr/lib/system/libunwind.dylib
0x00007fff2020c000 	/usr/lib/system/libxpc.dylib
0x00007fff20486000 	/usr/lib/libc++abi.dylib
0x00007fff2a678000 	/usr/lib/liboah.dylib
0x00007fff2ad36000 	/usr/lib/liblzma.5.dylib
0x00007fff2100d000 	/System/Library/Frameworks/SystemConfiguration.framework/Versions/A/SystemConfiguration
0x00007fff2a6ad000 	/usr/lib/libfakelink.dylib
0x00007fff24831000 	/System/Library/Frameworks/CFNetwork.framework/Versions/A/CFNetwork
0x00007fff2a7ed000 	/usr/lib/libarchive.2.dylib
0x00007fff2108b000 	/usr/lib/libCRFSuite.dylib
0x00007fff29e5e000 	/usr/lib/libbsm.0.dylib
0x00007fff241aa000 	/usr/lib/libnetwork.dylib
0x00007fff2a6b2000 	/usr/lib/libpcap.A.dylib
0x00007fff26413000 	/usr/lib/libdns_services.dylib
0x00007fff2ad4f000 	/usr/lib/libcoretls_cfhelpers.dylib
0x00007fff2a8ec000 	/usr/lib/libapple_nghttp2.dylib
0x00007fff2a645000 	/usr/lib/system/libkxld.dylib
0x00007fff2608c000 	/usr/lib/libsqlite3.dylib
0x00007fff2a3c5000 	/System/Library/PrivateFrameworks/AppleFSCompression.framework/Versions/A/AppleFSCompression
0x00007fff29e46000 	/usr/lib/libcoretls.dylib
0x00007fff2a91d000 	/usr/lib/libpam.2.dylib
0x00007fff2ae4d000 	/usr/lib/libxar.1.dylib
0x00007fff29148000 	/System/Library/PrivateFrameworks/AppleSystemInfo.framework/Versions/A/AppleSystemInfo
0x00007fff29a88000 	/System/Library/PrivateFrameworks/IOMobileFramebuffer.framework/Versions/A/IOMobileFramebuffer
0x00007fff2a3d5000 	/usr/lib/libbz2.1.0.dylib
0x00007fff2a6ea000 	/usr/lib/libiconv.2.dylib
0x00007fff2a63e000 	/usr/lib/libcharset.1.dylib
0x00007fff272c1000 	/System/Library/Frameworks/CoreServices.framework/Versions/A/Frameworks/FSEvents.framework/Versions/A/FSEvents
0x00007fff22923000 	/System/Library/Frameworks/CoreServices.framework/Versions/A/Frameworks/CarbonCore.framework/Versions/A/CarbonCore
0x00007fff2662e000 	/System/Library/Frameworks/CoreServices.framework/Versions/A/Frameworks/Metadata.framework/Versions/A/Metadata
0x00007fff2a3e7000 	/System/Library/Frameworks/CoreServices.framework/Versions/A/Frameworks/OSServices.framework/Versions/A/OSServices
0x00007fff2a85f000 	/System/Library/Frameworks/CoreServices.framework/Versions/A/Frameworks/SearchKit.framework/Versions/A/SearchKit
0x00007fff2639e000 	/System/Library/Frameworks/CoreServices.framework/Versions/A/Frameworks/AE.framework/Versions/A/AE
0x00007fff209e8000 	/System/Library/Frameworks/CoreServices.framework/Versions/A/Frameworks/LaunchServices.framework/Versions/A/LaunchServices
0x00007fff2ace6000 	/System/Library/Frameworks/CoreServices.framework/Versions/A/Frameworks/DictionaryServices.framework/Versions/A/DictionaryServices
0x00007fff272ce000 	/System/Library/Frameworks/CoreServices.framework/Versions/A/Frameworks/SharedFileList.framework/Versions/A/SharedFileList
0x00007fff29e3a000 	/usr/lib/libCheckFix.dylib
0x00007fff24d54000 	/System/Library/PrivateFrameworks/TCC.framework/Versions/A/TCC
0x00007fff2914e000 	/System/Library/PrivateFrameworks/CoreNLP.framework/Versions/A/CoreNLP
0x00007fff265e1000 	/System/Library/PrivateFrameworks/MetadataUtilities.framework/Versions/A/MetadataUtilities
0x00007fff210c0000 	/usr/lib/libmecabra.dylib
0x00007fff2a144000 	/System/Library/Frameworks/MLCompute.framework/Versions/A/MLCompute
0x00007fff29e6f000 	/usr/lib/libmecab.dylib
0x00007fff29eb9000 	/usr/lib/libgermantok.dylib
0x00007fff2a8c7000 	/usr/lib/libThaiTokenizer.dylib
0x00007fff2ae88000 	/usr/lib/libChineseTokenizer.dylib
0x00007fff2a91b000 	/System/Library/Frameworks/MetalPerformanceShaders.framework/Versions/A/MetalPerformanceShaders
0x00007fff266d0000 	/System/Library/Frameworks/Accelerate.framework/Versions/A/Frameworks/vImage.framework/Versions/A/vImage
0x00007fff30023000 	/System/Library/Frameworks/Accelerate.framework/Versions/A/Frameworks/vecLib.framework/Versions/A/vecLib
0x00007fff2ae93000 	/System/Library/Frameworks/Accelerate.framework/Versions/A/Frameworks/vecLib.framework/Versions/A/libvMisc.dylib
0x00007fff298a3000 	/System/Library/Frameworks/Accelerate.framework/Versions/A/Frameworks/vecLib.framework/Versions/A/libvDSP.dylib
0x00007fff20cf3000 	/System/Library/Frameworks/Accelerate.framework/Versions/A/Frameworks/vecLib.framework/Versions/A/libBLAS.dylib
0x00007fff2a948000 	/System/Library/Frameworks/Accelerate.framework/Versions/A/Frameworks/vecLib.framework/Versions/A/libLAPACK.dylib
0x00007fff29ebf000 	/System/Library/Frameworks/Accelerate.framework/Versions/A/Frameworks/vecLib.framework/Versions/A/libLinearAlgebra.dylib
0x00007fff2a904000 	/System/Library/Frameworks/Accelerate.framework/Versions/A/Frameworks/vecLib.framework/Versions/A/libSparseBLAS.dylib
0x00007fff2a942000 	/System/Library/Frameworks/Accelerate.framework/Versions/A/Frameworks/vecLib.framework/Versions/A/libQuadrature.dylib
0x00007fff291fa000 	/System/Library/Frameworks/Accelerate.framework/Versions/A/Frameworks/vecLib.framework/Versions/A/libBNNS.dylib
0x00007fff20f9e000 	/System/Library/Frameworks/Accelerate.framework/Versions/A/Frameworks/vecLib.framework/Versions/A/libSparse.dylib
0x00007fff290d6000 	/System/Library/Frameworks/MetalPerformanceShaders.framework/Versions/A/Frameworks/MPSCore.framework/Versions/A/MPSCore
0x00007fff2a334000 	/System/Library/Frameworks/MetalPerformanceShaders.framework/Versions/A/Frameworks/MPSImage.framework/Versions/A/MPSImage
0x00007fff29ed5000 	/System/Library/Frameworks/MetalPerformanceShaders.framework/Versions/A/Frameworks/MPSNeuralNetwork.framework/Versions/A/MPSNeuralNetwork
0x00007fff2a2a6000 	/System/Library/Frameworks/MetalPerformanceShaders.framework/Versions/A/Frameworks/MPSMatrix.framework/Versions/A/MPSMatrix
0x00007fff2a0f4000 	/System/Library/Frameworks/MetalPerformanceShaders.framework/Versions/A/Frameworks/MPSRayIntersector.framework/Versions/A/MPSRayIntersector
0x00007fff2a2dd000 	/System/Library/Frameworks/MetalPerformanceShaders.framework/Versions/A/Frameworks/MPSNDArray.framework/Versions/A/MPSNDArray
0x00007fff20c1e000 	/System/Library/PrivateFrameworks/MetalTools.framework/Versions/A/MetalTools
0x00007fff29146000 	/System/Library/PrivateFrameworks/AggregateDictionary.framework/Versions/A/AggregateDictionary
0x00007fff265ae000 	/System/Library/PrivateFrameworks/CoreAnalytics.framework/Versions/A/CoreAnalytics
0x00007fff2a8c9000 	/System/Library/PrivateFrameworks/AppleSauce.framework/Versions/A/AppleSauce
0x00007fff2844c000 	/System/Library/PrivateFrameworks/IOAccelerator.framework/Versions/A/IOAccelerator
0x00007fff6bba8000 	/System/Library/Frameworks/OpenGL.framework/Versions/A/Libraries/libCoreFSCache.dylib
0x00007fff21658000 	/System/Library/PrivateFrameworks/LanguageModeling.framework/Versions/A/LanguageModeling
0x00007fff29a76000 	/System/Library/PrivateFrameworks/CoreEmoji.framework/Versions/A/CoreEmoji
0x00007fff291f3000 	/System/Library/PrivateFrameworks/LinguisticData.framework/Versions/A/LinguisticData
0x00007fff20f50000 	/System/Library/PrivateFrameworks/Lexicon.framework/Versions/A/Lexicon
0x00007fff2a7db000 	/usr/lib/libcmph.dylib
0x00007fff272a1000 	/System/Library/Frameworks/OpenDirectory.framework/Versions/A/Frameworks/CFOpenDirectory.framework/Versions/A/CFOpenDirectory
0x00007fff27291000 	/System/Library/Frameworks/OpenDirectory.framework/Versions/A/OpenDirectory
0x00007fff2ad51000 	/System/Library/PrivateFrameworks/APFS.framework/Versions/A/APFS
0x00007fff29d9c000 	/System/Library/Frameworks/SecurityFoundation.framework/Versions/A/SecurityFoundation
0x00007fff2ae5b000 	/usr/lib/libutil.dylib
0x00007fff22c4e000 	/System/Library/PrivateFrameworks/CoreServicesStore.framework/Versions/A/CoreServicesStore
0x00007fff29e32000 	/System/Library/Frameworks/ServiceManagement.framework/Versions/A/ServiceManagement
0x00007fff2ae5f000 	/usr/lib/libxslt.1.dylib
0x00007fff29e28000 	/System/Library/PrivateFrameworks/BackgroundTaskManagement.framework/Versions/A/BackgroundTaskManagement
0x00007fff2be18000 	/System/Library/Frameworks/ImageIO.framework/Versions/A/Resources/libRadiance.dylib
0x00007fff2be22000 	/System/Library/Frameworks/ImageIO.framework/Versions/A/Resources/libJPEG.dylib
0x00007fff2bd6c000 	/System/Library/Frameworks/ImageIO.framework/Versions/A/Resources/libPng.dylib
0x00007fff2bd93000 	/System/Library/Frameworks/ImageIO.framework/Versions/A/Resources/libTIFF.dylib
0x00007fff2be77000 	/System/Library/Frameworks/ImageIO.framework/Versions/A/Resources/libGIF.dylib
0x00007fff2babe000 	/System/Library/Frameworks/ImageIO.framework/Versions/A/Resources/libJP2.dylib
0x00007fff2b1da000 	/usr/lib/libexpat.1.dylib
0x00007fff2ba74000 	/System/Library/PrivateFrameworks/AppleJPEG.framework/Versions/A/AppleJPEG
0x00007fff28682000 	/System/Library/PrivateFrameworks/FontServices.framework/libFontParser.dylib
0x00007fff26355000 	/System/Library/PrivateFrameworks/RunningBoardServices.framework/Versions/A/RunningBoardServices
0x00007fff2bb9e000 	/System/Library/PrivateFrameworks/WatchdogClient.framework/Versions/A/WatchdogClient
0x00007fff21741000 	/System/Library/Frameworks/CoreDisplay.framework/Versions/A/CoreDisplay
0x00007fff28597000 	/System/Library/Frameworks/CoreMedia.framework/Versions/A/CoreMedia
0x00007fff27421000 	/System/Library/Frameworks/CoreVideo.framework/Versions/A/CoreVideo
0x00007fff2bbd9000 	/System/Library/Frameworks/VideoToolbox.framework/Versions/A/VideoToolbox
0x00007fff262d5000 	/System/Library/PrivateFrameworks/BaseBoard.framework/Versions/A/BaseBoard
0x00007fff2b31e000 	/System/Library/PrivateFrameworks/PersistentConnection.framework/Versions/A/PersistentConnection
0x00007fff26076000 	/System/Library/PrivateFrameworks/ProtocolBuffer.framework/Versions/A/ProtocolBuffer
0x00007fff262bd000 	/System/Library/PrivateFrameworks/CommonUtilities.framework/Versions/A/CommonUtilities
0x00007fff2ba37000 	/System/Library/PrivateFrameworks/Bom.framework/Versions/A/Bom
0x00007fff2be10000 	/System/Library/PrivateFrameworks/GPUWrangler.framework/Versions/A/GPUWrangler
0x00007fff2bdf3000 	/System/Library/PrivateFrameworks/IOPresentment.framework/Versions/A/IOPresentment
0x00007fff2be1c000 	/System/Library/PrivateFrameworks/DSExternalDisplay.framework/Versions/A/DSExternalDisplay
0x00007fff2be7c000 	/System/Library/PrivateFrameworks/CMCaptureCore.framework/Versions/A/CMCaptureCore
0x00007fff2b7ba000 	/System/Library/PrivateFrameworks/AppServerSupport.framework/Versions/A/AppServerSupport
0x00007fff2d857000 	/System/Library/PrivateFrameworks/perfdata.framework/Versions/A/perfdata
0x00007fff29d8b000 	/System/Library/PrivateFrameworks/AssertionServices.framework/Versions/A/AssertionServices
0x00007fff21878000 	/System/Library/PrivateFrameworks/AudioToolboxCore.framework/Versions/A/AudioToolboxCore
0x00007fff2857a000 	/System/Library/PrivateFrameworks/caulk.framework/Versions/A/caulk
0x00007fff3cd03000 	/System/Library/PrivateFrameworks/SystemPolicy.framework/Versions/A/SystemPolicy
0x00007fff2afe9000 	/usr/lib/libIOReport.dylib
0x00007fff2d093000 	/usr/lib/libSMC.dylib
0x00007fff2bd38000 	/usr/lib/libAudioToolboxUtility.dylib
0x00007fff3d660000 	/usr/lib/libmis.dylib
0x00007fff6bc04000 	/System/Library/Frameworks/OpenGL.framework/Versions/A/Libraries/libGLU.dylib
0x00007fff6bbc7000 	/System/Library/Frameworks/OpenGL.framework/Versions/A/Libraries/libGFXShared.dylib
0x00007fff6bdd5000 	/System/Library/Frameworks/OpenGL.framework/Versions/A/Libraries/libGL.dylib
0x00007fff6bbd0000 	/System/Library/Frameworks/OpenGL.framework/Versions/A/Libraries/libGLImage.dylib
0x00007fff6bbc4000 	/System/Library/Frameworks/OpenGL.framework/Versions/A/Libraries/libCVMSPluginSupport.dylib
0x00007fff6bbaf000 	/System/Library/Frameworks/OpenGL.framework/Versions/A/Libraries/libCoreVMClient.dylib
0x00007fff6d21f000 	/System/Library/Frameworks/OpenCL.framework/Versions/A/OpenCL
0x00007fff2b347000 	/System/Library/PrivateFrameworks/GraphVisualizer.framework/Versions/A/GraphVisualizer
0x00007fff2b356000 	/System/Library/PrivateFrameworks/FaceCore.framework/Versions/A/FaceCore
0x00007fff2b772000 	/System/Library/PrivateFrameworks/OTSVG.framework/Versions/A/OTSVG
0x00007fff27016000 	/System/Library/Frameworks/ApplicationServices.framework/Versions/A/Frameworks/ATS.framework/Versions/A/Resources/libFontRegistry.dylib
0x00007fff2b7c1000 	/System/Library/PrivateFrameworks/FontServices.framework/libhvf.dylib
0x00007fff2b186000 	/System/Library/PrivateFrameworks/AppleVA.framework/Versions/A/AppleVA
0x00007fff2cedb000 	/System/Library/Frameworks/ApplicationServices.framework/Versions/A/Frameworks/ATS.framework/Versions/A/ATS
0x00007fff2d1ee000 	/System/Library/Frameworks/ApplicationServices.framework/Versions/A/Frameworks/ColorSyncLegacy.framework/Versions/A/ColorSyncLegacy
0x00007fff25854000 	/System/Library/Frameworks/ApplicationServices.framework/Versions/A/Frameworks/HIServices.framework/Versions/A/HIServices
0x00007fff2d1d3000 	/System/Library/Frameworks/ApplicationServices.framework/Versions/A/Frameworks/LangAnalysis.framework/Versions/A/LangAnalysis
0x00007fff2be86000 	/System/Library/Frameworks/ApplicationServices.framework/Versions/A/Frameworks/PrintCore.framework/Versions/A/PrintCore
0x00007fff2d1f6000 	/System/Library/Frameworks/ApplicationServices.framework/Versions/A/Frameworks/QD.framework/Versions/A/QD
0x00007fff2cecb000 	/System/Library/Frameworks/ApplicationServices.framework/Versions/A/Frameworks/SpeechSynthesis.framework/Versions/A/SpeechSynthesis
0x00007fff2be47000 	/System/Library/Frameworks/ApplicationServices.framework/Versions/A/Frameworks/ATSUI.framework/Versions/A/ATSUI
0x00007fff2d173000 	/usr/lib/libcups.2.dylib
0x00007fff2d1e3000 	/System/Library/PrivateFrameworks/NetAuth.framework/Versions/A/NetAuth
0x00007fff2d872000 	/System/Library/Frameworks/Kerberos.framework/Versions/A/Kerberos
0x00007fff2d882000 	/System/Library/Frameworks/GSS.framework/Versions/A/GSS
0x00007fff2cf48000 	/usr/lib/libresolv.9.dylib
0x00007fff2b7d7000 	/System/Library/PrivateFrameworks/Heimdal.framework/Versions/A/Heimdal
0x00007fff33539000 	/System/Library/Frameworks/Kerberos.framework/Versions/A/Libraries/libHeimdalProxy.dylib
0x00007fff26422000 	/System/Library/Frameworks/Network.framework/Versions/A/Network
0x00007fff2b1f3000 	/usr/lib/libheimdal-asn1.dylib
0x00007fff2d8d3000 	/System/Library/PrivateFrameworks/CommonAuth.framework/Versions/A/CommonAuth
0x00007fff2746f000 	/System/Library/PrivateFrameworks/login.framework/Versions/A/Frameworks/loginsupport.framework/Versions/A/loginsupport
0x00007fff2ce52000 	/System/Library/PrivateFrameworks/AudioSession.framework/Versions/A/AudioSession
0x00007fff2ceb8000 	/usr/lib/libAudioStatistics.dylib
0x00007fff2b27f000 	/System/Library/PrivateFrameworks/MediaExperience.framework/Versions/A/MediaExperience
0x00007fff2cceb000 	/System/Library/PrivateFrameworks/AudioSession.framework/libSessionUtility.dylib
0x00007fff2d863000 	/usr/lib/libperfcheck.dylib
0x00007fff2d202000 	/System/Library/PrivateFrameworks/AudioResourceArbitration.framework/Versions/A/AudioResourceArbitration
0x00007fff2b1fd000 	/System/Library/PrivateFrameworks/IconFoundation.framework/Versions/A/IconFoundation
0x00007fff2fd06000 	/System/Library/PrivateFrameworks/SpeechRecognitionCore.framework/Versions/A/SpeechRecognitionCore
0x00007fff5cfbf000 	/System/Library/CoreServices/Encodings/libKoreanConverter.dylib
0x000000010b800000 	/Library/Java/JavaVirtualMachines/adoptopenjdk-11.jdk/Contents/Home/lib/server/libjvm.dylib
0x000000010916c000 	/Library/Java/JavaVirtualMachines/adoptopenjdk-11.jdk/Contents/Home/lib/libverify.dylib
0x000000010917d000 	/Library/Java/JavaVirtualMachines/adoptopenjdk-11.jdk/Contents/Home/lib/libjava.dylib
0x00000001091aa000 	/Library/Java/JavaVirtualMachines/adoptopenjdk-11.jdk/Contents/Home/lib/libjimage.dylib
0x0000000109200000 	/Library/Java/JavaVirtualMachines/adoptopenjdk-11.jdk/Contents/Home/lib/libzip.dylib
0x000000010976a000 	/Library/Java/JavaVirtualMachines/adoptopenjdk-11.jdk/Contents/Home/lib/libnio.dylib
0x000000010977d000 	/Library/Java/JavaVirtualMachines/adoptopenjdk-11.jdk/Contents/Home/lib/libnet.dylib
0x0000000109796000 	/Library/Java/JavaVirtualMachines/adoptopenjdk-11.jdk/Contents/Home/lib/libsunec.dylib
0x00000001097bf000 	/Users/sunmin/Library/Application Support/Code/User/globalStorage/redhat.java/0.81.0/config_mac/org.eclipse.equinox.launcher/org.eclipse.equinox.launcher.cocoa.macosx.x86_64_1.2.300.v20210622-1446/eclipse_11501.so
0x00007fff22c0f000 	/System/Library/PrivateFrameworks/CoreServicesInternal.framework/Versions/A/CoreServicesInternal
0x00007fff3108d000 	/System/Library/Frameworks/FileProvider.framework/Versions/A/FileProvider
0x00007fff26240000 	/System/Library/Frameworks/Accounts.framework/Versions/A/Accounts
0x00007fff311dd000 	/System/Library/PrivateFrameworks/GenerationalStorage.framework/Versions/A/GenerationalStorage
0x00007fff31b77000 	/System/Library/PrivateFrameworks/CoreSymbolication.framework/Versions/A/CoreSymbolication
0x00007fff30aad000 	/System/Library/PrivateFrameworks/SymptomDiagnosticReporter.framework/Versions/A/SymptomDiagnosticReporter
0x00007fff23d40000 	/System/Library/PrivateFrameworks/DesktopServicesPriv.framework/Versions/A/DesktopServicesPriv
0x00007fff22d44000 	/usr/lib/libsandbox.1.dylib
0x00007fff2749a000 	/System/Library/PrivateFrameworks/UserManagement.framework/Versions/A/UserManagement
0x00007fff29d68000 	/System/Library/PrivateFrameworks/MobileKeyBag.framework/Versions/A/MobileKeyBag
0x00007fff345bc000 	/System/Library/PrivateFrameworks/ChunkingLibrary.framework/Versions/A/ChunkingLibrary
0x00007fff31b3b000 	/System/Library/PrivateFrameworks/DebugSymbols.framework/Versions/A/DebugSymbols
0x00007fff2e296000 	/System/Library/PrivateFrameworks/Sharing.framework/Versions/A/Sharing
0x00007fff32b3b000 	/System/Library/PrivateFrameworks/Apple80211.framework/Versions/A/Apple80211
0x00007fff2a415000 	/System/Library/PrivateFrameworks/AuthKit.framework/Versions/A/AuthKit
0x00007fff29b66000 	/System/Library/PrivateFrameworks/CoreUtils.framework/Versions/A/CoreUtils
0x00007fff29a93000 	/System/Library/Frameworks/CoreWLAN.framework/Versions/A/CoreWLAN
0x00007fff2e3e2000 	/System/Library/Frameworks/IOBluetooth.framework/Versions/A/IOBluetooth
0x00007fff32b9f000 	/System/Library/PrivateFrameworks/CoreWiFi.framework/Versions/A/CoreWiFi
0x00007fff2d959000 	/System/Library/PrivateFrameworks/CorePhoneNumbers.framework/Versions/A/CorePhoneNumbers
0x00007fff30bb4000 	/System/Library/PrivateFrameworks/DiskManagement.framework/Versions/A/DiskManagement
0x00007fff30aca000 	/System/Library/PrivateFrameworks/AppleIDAuthSupport.framework/Versions/A/AppleIDAuthSupport
0x00007fff2d939000 	/System/Library/PrivateFrameworks/KeychainCircle.framework/Versions/A/KeychainCircle
0x00007fff30b80000 	/System/Library/PrivateFrameworks/MediaKit.framework/Versions/A/MediaKit
0x00007fff30ad7000 	/System/Library/Frameworks/DiscRecording.framework/Versions/A/DiscRecording
0x00007fff2b0fa000 	/usr/lib/libCoreStorage.dylib
0x00007fff32fda000 	/usr/lib/libcsfde.dylib
0x00007fff2e51d000 	/System/Library/PrivateFrameworks/ProtectedCloudStorage.framework/Versions/A/ProtectedCloudStorage
0x00007fff32fd2000 	/System/Library/PrivateFrameworks/EFILogin.framework/Versions/A/EFILogin
0x00007fff335ec000 	/System/Library/Frameworks/AudioUnit.framework/Versions/A/AudioUnit
0x00007fff30a47000 	/System/Library/Frameworks/CoreBluetooth.framework/Versions/A/CoreBluetooth
0x00007fff2b0f2000 	/usr/lib/libMatch.1.dylib
0x00007fff27199000 	/System/Library/PrivateFrameworks/ViewBridge.framework/Versions/A/ViewBridge
0x0000000133b55000 	/Library/Java/JavaVirtualMachines/adoptopenjdk-11.jdk/Contents/Home/lib/libextnet.dylib


VM Arguments:
jvm_args: --add-modules=ALL-SYSTEM --add-opens=java.base/java.util=ALL-UNNAMED --add-opens=java.base/java.lang=ALL-UNNAMED -Declipse.application=org.eclipse.jdt.ls.core.id1 -Dosgi.bundles.defaultStartLevel=4 -Declipse.product=org.eclipse.jdt.ls.core.product -Dfile.encoding=utf8 -XX:+UseParallelGC -XX:GCTimeRatio=4 -XX:AdaptiveSizePolicyWeight=90 -Dsun.zip.disableMemoryMapping=true -Xmx1G -Xms100m -Xverify:none 
java_command: /Users/sunmin/.vscode/extensions/redhat.java-0.81.0/server/plugins/org.eclipse.equinox.launcher_1.6.200.v20210416-2027.jar -configuration /Users/sunmin/Library/Application Support/Code/User/globalStorage/redhat.java/0.81.0/config_mac -data /Users/sunmin/Library/Application Support/Code/User/workspaceStorage/8a876da789efc418f6118147332e03a0/redhat.java/jdt_ws
java_class_path (initial): /Users/sunmin/.vscode/extensions/redhat.java-0.81.0/server/plugins/org.eclipse.equinox.launcher_1.6.200.v20210416-2027.jar
Launcher Type: SUN_STANDARD

[Global flags]
    uintx AdaptiveSizePolicyWeight                 = 90                                        {product} {command line}
     bool BytecodeVerificationLocal                = false                                     {product} {command line}
     bool BytecodeVerificationRemote               = false                                     {product} {command line}
     intx CICompilerCount                          = 3                                         {product} {ergonomic}
    uintx GCTimeRatio                              = 4                                         {product} {command line}
   size_t InitialHeapSize                          = 104857600                                 {product} {command line}
   size_t MaxHeapSize                              = 1073741824                                {product} {command line}
   size_t MaxNewSize                               = 357564416                                 {product} {ergonomic}
   size_t MinHeapDeltaBytes                        = 524288                                    {product} {ergonomic}
   size_t NewSize                                  = 34603008                                  {product} {ergonomic}
    uintx NonNMethodCodeHeapSize                   = 5830732                                {pd product} {ergonomic}
    uintx NonProfiledCodeHeapSize                  = 122913754                              {pd product} {ergonomic}
   size_t OldSize                                  = 70254592                                  {product} {ergonomic}
    uintx ProfiledCodeHeapSize                     = 122913754                              {pd product} {ergonomic}
    uintx ReservedCodeCacheSize                    = 251658240                              {pd product} {ergonomic}
     bool SegmentedCodeCache                       = true                                      {product} {ergonomic}
     bool UseCompressedClassPointers               = true                                 {lp64_product} {ergonomic}
     bool UseCompressedOops                        = true                                 {lp64_product} {ergonomic}
     bool UseParallelGC                            = true                                      {product} {command line}

Logging:
Log output configuration:
 #0: stdout all=warning uptime,level,tags
 #1: stderr all=off uptime,level,tags

Environment Variables:
PATH=/usr/local/bin:/Users/sunmin/.gem/ruby/3.0.0/bin:/usr/local/opt/ruby/bin:/usr/local/opt/ruby/bin:/usr/local/bin:/usr/bin:/bin:/usr/sbin:/sbin:/Library/Apple/usr/bin
SHELL=/bin/zsh

Signal Handlers:
SIGSEGV: [libjvm.dylib+0x7bc7ea], sa_mask[0]=11111111011111110111111111111111, sa_flags=SA_ONSTACK|SA_RESTART|SA_SIGINFO
SIGBUS: [libjvm.dylib+0x7bc7ea], sa_mask[0]=11111111011111110111111111111111, sa_flags=SA_RESTART|SA_SIGINFO
SIGFPE: [libjvm.dylib+0x7bc7ea], sa_mask[0]=11111111011111110111111111111111, sa_flags=SA_RESTART|SA_SIGINFO
SIGPIPE: [libjvm.dylib+0x62226b], sa_mask[0]=11111111011111110111111111111111, sa_flags=SA_RESTART|SA_SIGINFO
SIGXFSZ: [libjvm.dylib+0x62226b], sa_mask[0]=11111111011111110111111111111111, sa_flags=SA_RESTART|SA_SIGINFO
SIGILL: [libjvm.dylib+0x7bc7ea], sa_mask[0]=11111111011111110111111111111111, sa_flags=SA_RESTART|SA_SIGINFO
SIGUSR2: [libjvm.dylib+0x622853], sa_mask[0]=00000000000000000000000000000000, sa_flags=SA_RESTART|SA_SIGINFO
SIGHUP: [libjvm.dylib+0x6213f1], sa_mask[0]=11111111011111110111111111111111, sa_flags=SA_RESTART|SA_SIGINFO
SIGINT: [libjvm.dylib+0x6213f1], sa_mask[0]=11111111011111110111111111111111, sa_flags=SA_RESTART|SA_SIGINFO
SIGTERM: [libjvm.dylib+0x6213f1], sa_mask[0]=11111111011111110111111111111111, sa_flags=SA_RESTART|SA_SIGINFO
SIGQUIT: [libjvm.dylib+0x6213f1], sa_mask[0]=11111111011111110111111111111111, sa_flags=SA_RESTART|SA_SIGINFO


---------------  S Y S T E M  ---------------

OS:uname:Darwin 20.6.0 Darwin Kernel Version 20.6.0: Wed Jun 23 00:26:31 PDT 2021; root:xnu-7195.141.2~5/RELEASE_X86_64 x86_64
OS uptime: 3 days 5:05 hours
rlimit (soft/hard): STACK 8192k/65532k , CORE 0k/infinity , NPROC 1392/2088 , NOFILE 10240/infinity , AS infinity/infinity , CPU infinity/infinity , DATA infinity/infinity , FSIZE infinity/infinity , MEMLOCK infinity/infinity , RSS infinity/infinity
load average:2.33 2.38 2.49

CPU:total 4 (initial active 4) (2 cores per cpu, 2 threads per core) family 6 model 142 stepping 9 microcode 0xea, cmov, cx8, fxsr, mmx, sse, sse2, sse3, ssse3, sse4.1, sse4.2, popcnt, avx, avx2, aes, clmul, erms, 3dnowpref, lzcnt, ht, tsc, tscinvbit, bmi1, bmi2, adx, fma

Memory: 4k page, physical 8388608k(216960k free), swap 1048576k(796928k free)

vm_info: OpenJDK 64-Bit Server VM (11.0.11+9) for bsd-amd64 JRE (11.0.11+9), built on Apr 20 2021 22:06:18 by "jenkins" with gcc 4.2.1 Compatible Apple LLVM 10.0.1 (clang-1001.0.46.4)

END.
